[ 2019-11-24T16:34:45+08:00 ][ sql ] [ DB ] CONNECT:[ UseTime:0.002739s ] mysql:host=127.0.0.1;dbname=wps;charset=utf8
[ 2019-11-24T16:34:45+08:00 ][ sql ] [ SQL ] SHOW TABLE STATUS LIKE 'banner' [ RunTime:0.002419s ]
[ 2019-11-24T16:34:45+08:00 ][ sql ] [ SQL ] SHOW TABLE STATUS LIKE 'fa_banner' [ RunTime:0.001924s ]
[ 2019-11-24T16:34:45+08:00 ][ sql ] [ SQL ] SELECT * FROM `information_schema`.`columns` WHERE TABLE_SCHEMA = 'wps' AND table_name = 'fa_banner' ORDER BY ORDINAL_POSITION [ RunTime:0.001903s ]
[ 2019-11-24T17:25:34+08:00 ][ info ] [ BEHAVIOR ] Run Closure @app_init [ RunTime:0.000211s ]
[ info ] [ LOG ] INIT File
[ 2019-11-24T17:25:34+08:00 ][ info ] [ CACHE ] INIT File
[ 2019-11-24T17:25:34+08:00 ][ info ] [ BEHAVIOR ] Run Closure @app_init [ RunTime:0.004307s ]
[ 2019-11-24T17:25:34+08:00 ][ info ] [ DB ] INIT mysql
[ 2019-11-24T17:25:34+08:00 ][ sql ] [ DB ] CONNECT:[ UseTime:0.002090s ] mysql:host=127.0.0.1;dbname=wps;charset=utf8
[ 2019-11-24T17:25:34+08:00 ][ sql ] [ SQL ] SHOW TABLE STATUS LIKE 'goods' [ RunTime:0.002574s ]
[ 2019-11-24T17:25:34+08:00 ][ sql ] [ SQL ] SHOW TABLE STATUS LIKE 'fa_goods' [ RunTime:0.002722s ]
[ 2019-11-24T17:25:34+08:00 ][ sql ] [ SQL ] SELECT * FROM `information_schema`.`columns` WHERE TABLE_SCHEMA = 'wps' AND table_name = 'fa_goods' ORDER BY ORDINAL_POSITION [ RunTime:0.002233s ]
[ 2019-11-24T17:27:57+08:00 ][ info ] [ BEHAVIOR ] Run Closure @app_init [ RunTime:0.000178s ]
[ info ] [ LOG ] INIT File
[ 2019-11-24T17:27:57+08:00 ][ info ] [ CACHE ] INIT File
[ 2019-11-24T17:27:57+08:00 ][ info ] [ BEHAVIOR ] Run Closure @app_init [ RunTime:0.003783s ]
[ 2019-11-24T17:27:57+08:00 ][ info ] [ DB ] INIT mysql
[ 2019-11-24T17:27:57+08:00 ][ sql ] [ DB ] CONNECT:[ UseTime:0.001701s ] mysql:host=127.0.0.1;dbname=wps;charset=utf8
[ 2019-11-24T17:27:57+08:00 ][ sql ] [ SQL ] SHOW TABLE STATUS LIKE 'goods' [ RunTime:0.002299s ]
[ 2019-11-24T17:27:57+08:00 ][ sql ] [ SQL ] SHOW TABLE STATUS LIKE 'fa_goods' [ RunTime:0.002183s ]
[ 2019-11-24T17:28:45+08:00 ][ info ] [ BEHAVIOR ] Run Closure @app_init [ RunTime:0.000164s ]
[ info ] [ LOG ] INIT File
[ 2019-11-24T17:28:45+08:00 ][ info ] [ CACHE ] INIT File
[ 2019-11-24T17:28:45+08:00 ][ info ] [ BEHAVIOR ] Run Closure @app_init [ RunTime:0.004148s ]
[ 2019-11-24T17:28:45+08:00 ][ info ] [ DB ] INIT mysql
[ 2019-11-24T17:28:45+08:00 ][ sql ] [ DB ] CONNECT:[ UseTime:0.001757s ] mysql:host=127.0.0.1;dbname=wps;charset=utf8
[ 2019-11-24T17:28:45+08:00 ][ sql ] [ SQL ] SHOW TABLE STATUS LIKE 'goods' [ RunTime:0.002283s ]
[ 2019-11-24T17:28:45+08:00 ][ sql ] [ SQL ] SHOW TABLE STATUS LIKE 'fa_goods' [ RunTime:0.002790s ]
[ 2019-11-24T17:28:45+08:00 ][ sql ] [ SQL ] SHOW TABLE STATUS LIKE 'category' [ RunTime:0.001789s ]
[ 2019-11-24T17:28:45+08:00 ][ sql ] [ SQL ] SHOW TABLE STATUS LIKE 'fa_category' [ RunTime:0.001926s ]
[ 2019-11-24T17:28:45+08:00 ][ sql ] [ SQL ] SELECT * FROM `information_schema`.`columns` WHERE TABLE_SCHEMA = 'wps' AND table_name = 'fa_goods' ORDER BY ORDINAL_POSITION [ RunTime:0.001892s ]
[ 2019-11-24T17:28:45+08:00 ][ sql ] [ SQL ] SELECT * FROM `information_schema`.`columns` WHERE TABLE_SCHEMA = 'wps' AND table_name = 'fa_category' ORDER BY ORDINAL_POSITION [ RunTime:0.001951s ]
