---------------------------------------------------------------
[ 2019-11-29T16:46:06+08:00 ] 127.0.0.1 GET wps.bobo.com/
[运行时间：0.153526s] [吞吐率：6.51req/s] [内存消耗：2,964.34kb] [文件加载：121]
[ info ] [ BEHAVIOR ] Run Closure @app_init [ RunTime:0.004614s ]
[ info ] [ CACHE ] INIT File
[ info ] [ BEHAVIOR ] Run Closure @app_init [ RunTime:0.005445s ]
[ info ] [ LANG ] D:\phpstudy_pro\WWW\wps.bobo.com\thinkphp\lang\zh-cn.php
[ info ] [ ROUTE ] array (
  'type' => 'module',
  'module' => 
  array (
    0 => '',
    1 => NULL,
    2 => NULL,
  ),
)
[ info ] [ HEADER ] array (
  'cookie' => 'keeplogin=1%7C86400%7C1574610710%7C2bfa8f5f381bb8fdb6d07b28ee445b2d; Hm_lvt_f8d0a8c400404989e195270b0bbf060a=1574524324',
  'accept-language' => 'zh-CN,zh;q=0.9',
  'accept-encoding' => 'gzip, deflate',
  'accept' => 'text/html,application/xhtml+xml,application/xml;q=0.9,image/webp,image/apng,*/*;q=0.8,application/signed-exchange;v=b3',
  'user-agent' => 'Mozilla/5.0 (Windows NT 10.0; Win64; x64) AppleWebKit/537.36 (KHTML, like Gecko) Chrome/75.0.3770.142 Safari/537.36',
  'upgrade-insecure-requests' => '1',
  'connection' => 'close',
  'host' => 'wps.bobo.com',
)
[ info ] [ PARAM ] array (
)
[ info ] [ LANG ] D:\phpstudy_pro\WWW\wps.bobo.com\public/../application/index\lang\zh-cn.php
[ info ] [ BEHAVIOR ] Run app\common\behavior\Common @module_init [ RunTime:0.005830s ]
[ info ] [ LANG ] D:\phpstudy_pro\WWW\wps.bobo.com\public/../application/index/lang/zh-cn/index.php
[ info ] [ RUN ] app\index\controller\Index->index[ D:\phpstudy_pro\WWW\wps.bobo.com\application\index\controller\Index.php ]
[ info ] [ VIEW ] D:\phpstudy_pro\WWW\wps.bobo.com\public/../application/index\view\index\index.html [ array (
  0 => 'user',
  1 => 'site',
  2 => 'config',
) ]
[ info ] [ LOG ] INIT File
---------------------------------------------------------------
[ 2019-11-29T16:46:08+08:00 ] 127.0.0.1 GET wps.bobo.com/favicon.ico
[运行时间：0.039971s] [吞吐率：25.02req/s] [内存消耗：2,075.41kb] [文件加载：106]
[ info ] [ BEHAVIOR ] Run Closure @app_init [ RunTime:0.000019s ]
[ info ] [ CACHE ] INIT File
[ info ] [ BEHAVIOR ] Run Closure @app_init [ RunTime:0.001733s ]
[ info ] [ LANG ] D:\phpstudy_pro\WWW\wps.bobo.com\thinkphp\lang\zh-cn.php
[ info ] [ ROUTE ] array (
  'type' => 'module',
  'module' => 
  array (
    0 => 'favicon.ico',
    1 => NULL,
    2 => NULL,
  ),
)
[ info ] [ HEADER ] array (
  'cookie' => 'keeplogin=1%7C86400%7C1574610710%7C2bfa8f5f381bb8fdb6d07b28ee445b2d; Hm_lvt_f8d0a8c400404989e195270b0bbf060a=1574524324,1575017168; Hm_lpvt_f8d0a8c400404989e195270b0bbf060a=1575017168',
  'accept-language' => 'zh-CN,zh;q=0.9',
  'accept-encoding' => 'gzip, deflate',
  'referer' => 'http://wps.bobo.com/',
  'accept' => 'image/webp,image/apng,image/*,*/*;q=0.8',
  'user-agent' => 'Mozilla/5.0 (Windows NT 10.0; Win64; x64) AppleWebKit/537.36 (KHTML, like Gecko) Chrome/75.0.3770.142 Safari/537.36',
  'connection' => 'close',
  'host' => 'wps.bobo.com',
)
[ info ] [ PARAM ] array (
)
[ info ] [ LOG ] INIT File
---------------------------------------------------------------
[ 2019-11-29T16:46:13+08:00 ] 127.0.0.1 GET wps.bobo.com/demo
[运行时间：0.050169s] [吞吐率：19.93req/s] [内存消耗：2,075.88kb] [文件加载：106]
[ info ] [ BEHAVIOR ] Run Closure @app_init [ RunTime:0.000022s ]
[ info ] [ CACHE ] INIT File
[ info ] [ BEHAVIOR ] Run Closure @app_init [ RunTime:0.001938s ]
[ info ] [ LANG ] D:\phpstudy_pro\WWW\wps.bobo.com\thinkphp\lang\zh-cn.php
[ info ] [ ROUTE ] array (
  'type' => 'module',
  'module' => 
  array (
    0 => 'demo',
    1 => NULL,
    2 => NULL,
  ),
)
[ info ] [ HEADER ] array (
  'cookie' => 'keeplogin=1%7C86400%7C1574610710%7C2bfa8f5f381bb8fdb6d07b28ee445b2d; Hm_lvt_f8d0a8c400404989e195270b0bbf060a=1574524324,1575017168; Hm_lpvt_f8d0a8c400404989e195270b0bbf060a=1575017168',
  'accept-language' => 'zh-CN,zh;q=0.9',
  'accept-encoding' => 'gzip, deflate',
  'accept' => 'text/html,application/xhtml+xml,application/xml;q=0.9,image/webp,image/apng,*/*;q=0.8,application/signed-exchange;v=b3',
  'user-agent' => 'Mozilla/5.0 (Windows NT 10.0; Win64; x64) AppleWebKit/537.36 (KHTML, like Gecko) Chrome/75.0.3770.142 Safari/537.36',
  'upgrade-insecure-requests' => '1',
  'connection' => 'close',
  'host' => 'wps.bobo.com',
)
[ info ] [ PARAM ] array (
)
[ info ] [ LOG ] INIT File
---------------------------------------------------------------
[ 2019-11-29T16:46:48+08:00 ] 127.0.0.1 GET wps.bobo.com/demo
[运行时间：0.067888s] [吞吐率：14.73req/s] [内存消耗：3,117.48kb] [文件加载：123]
[ info ] [ BEHAVIOR ] Run Closure @app_init [ RunTime:0.000024s ]
[ info ] [ CACHE ] INIT File
[ info ] [ BEHAVIOR ] Run Closure @app_init [ RunTime:0.002315s ]
[ info ] [ LANG ] D:\phpstudy_pro\WWW\wps.bobo.com\thinkphp\lang\zh-cn.php
[ info ] [ ROUTE ] array (
  'type' => 'module',
  'module' => 
  array (
    0 => 'demo',
    1 => NULL,
    2 => NULL,
  ),
)
[ info ] [ HEADER ] array (
  'cookie' => 'keeplogin=1%7C86400%7C1574610710%7C2bfa8f5f381bb8fdb6d07b28ee445b2d; Hm_lvt_f8d0a8c400404989e195270b0bbf060a=1574524324,1575017168; Hm_lpvt_f8d0a8c400404989e195270b0bbf060a=1575017168',
  'accept-language' => 'zh-CN,zh;q=0.9',
  'accept-encoding' => 'gzip, deflate',
  'accept' => 'text/html,application/xhtml+xml,application/xml;q=0.9,image/webp,image/apng,*/*;q=0.8,application/signed-exchange;v=b3',
  'user-agent' => 'Mozilla/5.0 (Windows NT 10.0; Win64; x64) AppleWebKit/537.36 (KHTML, like Gecko) Chrome/75.0.3770.142 Safari/537.36',
  'upgrade-insecure-requests' => '1',
  'cache-control' => 'max-age=0',
  'connection' => 'close',
  'host' => 'wps.bobo.com',
)
[ info ] [ PARAM ] array (
)
[ info ] [ LANG ] D:\phpstudy_pro\WWW\wps.bobo.com\public/../application/demo\lang\zh-cn.php
[ info ] [ BEHAVIOR ] Run app\common\behavior\Common @module_init [ RunTime:0.002033s ]
[ info ] [ LANG ] D:\phpstudy_pro\WWW\wps.bobo.com\public/../application/demo/lang/zh-cn/index.php
[ info ] [ RUN ] app\demo\controller\Index->index[ D:\phpstudy_pro\WWW\wps.bobo.com\application\demo\controller\Index.php ]
[ info ] [ VIEW ] D:\phpstudy_pro\WWW\wps.bobo.com\public/../application/demo\view\index\index.html [ array (
  0 => 'user',
  1 => 'site',
  2 => 'config',
) ]
[ info ] [ LOG ] INIT File
---------------------------------------------------------------
[ 2019-11-29T16:47:58+08:00 ] 127.0.0.1 GET wps.bobo.com/demo
[运行时间：0.076177s] [吞吐率：13.13req/s] [内存消耗：3,088.13kb] [文件加载：124]
[ info ] [ BEHAVIOR ] Run Closure @app_init [ RunTime:0.000023s ]
[ info ] [ CACHE ] INIT File
[ info ] [ BEHAVIOR ] Run Closure @app_init [ RunTime:0.001856s ]
[ info ] [ LANG ] D:\phpstudy_pro\WWW\wps.bobo.com\thinkphp\lang\zh-cn.php
[ info ] [ ROUTE ] array (
  'type' => 'module',
  'module' => 
  array (
    0 => 'demo',
    1 => NULL,
    2 => NULL,
  ),
)
[ info ] [ HEADER ] array (
  'cookie' => 'keeplogin=1%7C86400%7C1574610710%7C2bfa8f5f381bb8fdb6d07b28ee445b2d; Hm_lvt_f8d0a8c400404989e195270b0bbf060a=1574524324,1575017168; Hm_lpvt_f8d0a8c400404989e195270b0bbf060a=1575017208',
  'accept-language' => 'zh-CN,zh;q=0.9',
  'accept-encoding' => 'gzip, deflate',
  'accept' => 'text/html,application/xhtml+xml,application/xml;q=0.9,image/webp,image/apng,*/*;q=0.8,application/signed-exchange;v=b3',
  'user-agent' => 'Mozilla/5.0 (Windows NT 10.0; Win64; x64) AppleWebKit/537.36 (KHTML, like Gecko) Chrome/75.0.3770.142 Safari/537.36',
  'upgrade-insecure-requests' => '1',
  'cache-control' => 'max-age=0',
  'connection' => 'close',
  'host' => 'wps.bobo.com',
)
[ info ] [ PARAM ] array (
)
[ info ] [ LANG ] D:\phpstudy_pro\WWW\wps.bobo.com\public/../application/demo\lang\zh-cn.php
[ info ] [ BEHAVIOR ] Run app\common\behavior\Common @module_init [ RunTime:0.002128s ]
[ info ] [ LANG ] D:\phpstudy_pro\WWW\wps.bobo.com\public/../application/demo/lang/zh-cn/index.php
[ info ] [ RUN ] app\demo\controller\Index->index[ D:\phpstudy_pro\WWW\wps.bobo.com\application\demo\controller\Index.php ]
[ info ] [ VIEW ] D:\phpstudy_pro\WWW\wps.bobo.com\public/../application/demo\view\index\index.html [ array (
  0 => 'user',
  1 => 'site',
  2 => 'config',
) ]
[ info ] [ LOG ] INIT File
---------------------------------------------------------------
[ 2019-11-29T16:48:01+08:00 ] 127.0.0.1 GET wps.bobo.com/demo
[运行时间：0.072622s] [吞吐率：13.77req/s] [内存消耗：2,963.03kb] [文件加载：122]
[ info ] [ BEHAVIOR ] Run Closure @app_init [ RunTime:0.000023s ]
[ info ] [ CACHE ] INIT File
[ info ] [ BEHAVIOR ] Run Closure @app_init [ RunTime:0.002967s ]
[ info ] [ LANG ] D:\phpstudy_pro\WWW\wps.bobo.com\thinkphp\lang\zh-cn.php
[ info ] [ ROUTE ] array (
  'type' => 'module',
  'module' => 
  array (
    0 => 'demo',
    1 => NULL,
    2 => NULL,
  ),
)
[ info ] [ HEADER ] array (
  'cookie' => 'keeplogin=1%7C86400%7C1574610710%7C2bfa8f5f381bb8fdb6d07b28ee445b2d; Hm_lvt_f8d0a8c400404989e195270b0bbf060a=1574524324,1575017168; Hm_lpvt_f8d0a8c400404989e195270b0bbf060a=1575017208',
  'accept-language' => 'zh-CN,zh;q=0.9',
  'accept-encoding' => 'gzip, deflate',
  'accept' => 'text/html,application/xhtml+xml,application/xml;q=0.9,image/webp,image/apng,*/*;q=0.8,application/signed-exchange;v=b3',
  'user-agent' => 'Mozilla/5.0 (Windows NT 10.0; Win64; x64) AppleWebKit/537.36 (KHTML, like Gecko) Chrome/75.0.3770.142 Safari/537.36',
  'upgrade-insecure-requests' => '1',
  'cache-control' => 'max-age=0',
  'connection' => 'close',
  'host' => 'wps.bobo.com',
)
[ info ] [ PARAM ] array (
)
[ info ] [ LANG ] D:\phpstudy_pro\WWW\wps.bobo.com\public/../application/demo\lang\zh-cn.php
[ info ] [ BEHAVIOR ] Run app\common\behavior\Common @module_init [ RunTime:0.002604s ]
[ info ] [ LANG ] D:\phpstudy_pro\WWW\wps.bobo.com\public/../application/demo/lang/zh-cn/index.php
[ info ] [ RUN ] app\demo\controller\Index->index[ D:\phpstudy_pro\WWW\wps.bobo.com\application\demo\controller\Index.php ]
[ info ] [ VIEW ] D:\phpstudy_pro\WWW\wps.bobo.com\public/../application/demo\view\index\index.html [ array (
  0 => 'user',
  1 => 'site',
  2 => 'config',
) ]
[ info ] [ LOG ] INIT File
---------------------------------------------------------------
[ 2019-11-29T16:48:22+08:00 ] 127.0.0.1 GET wps.bobo.com/demo
[运行时间：0.105781s] [吞吐率：9.45req/s] [内存消耗：3,090.94kb] [文件加载：124]
[ info ] [ BEHAVIOR ] Run Closure @app_init [ RunTime:0.000025s ]
[ info ] [ CACHE ] INIT File
[ info ] [ BEHAVIOR ] Run Closure @app_init [ RunTime:0.002861s ]
[ info ] [ LANG ] D:\phpstudy_pro\WWW\wps.bobo.com\thinkphp\lang\zh-cn.php
[ info ] [ ROUTE ] array (
  'type' => 'module',
  'module' => 
  array (
    0 => 'demo',
    1 => NULL,
    2 => NULL,
  ),
)
[ info ] [ HEADER ] array (
  'cookie' => 'keeplogin=1%7C86400%7C1574610710%7C2bfa8f5f381bb8fdb6d07b28ee445b2d; Hm_lvt_f8d0a8c400404989e195270b0bbf060a=1574524324,1575017168; Hm_lpvt_f8d0a8c400404989e195270b0bbf060a=1575017208',
  'accept-language' => 'zh-CN,zh;q=0.9',
  'accept-encoding' => 'gzip, deflate',
  'accept' => 'text/html,application/xhtml+xml,application/xml;q=0.9,image/webp,image/apng,*/*;q=0.8,application/signed-exchange;v=b3',
  'user-agent' => 'Mozilla/5.0 (Windows NT 10.0; Win64; x64) AppleWebKit/537.36 (KHTML, like Gecko) Chrome/75.0.3770.142 Safari/537.36',
  'upgrade-insecure-requests' => '1',
  'cache-control' => 'max-age=0',
  'connection' => 'close',
  'host' => 'wps.bobo.com',
)
[ info ] [ PARAM ] array (
)
[ info ] [ LANG ] D:\phpstudy_pro\WWW\wps.bobo.com\public/../application/demo\lang\zh-cn.php
[ info ] [ BEHAVIOR ] Run app\common\behavior\Common @module_init [ RunTime:0.002442s ]
[ info ] [ LANG ] D:\phpstudy_pro\WWW\wps.bobo.com\public/../application/demo/lang/zh-cn/index.php
[ info ] [ RUN ] app\demo\controller\Index->index[ D:\phpstudy_pro\WWW\wps.bobo.com\application\demo\controller\Index.php ]
[ info ] [ VIEW ] D:\phpstudy_pro\WWW\wps.bobo.com\public/../application/demo\view\index\index.html [ array (
  0 => 'user',
  1 => 'site',
  2 => 'config',
) ]
[ info ] [ LOG ] INIT File
---------------------------------------------------------------
[ 2019-11-29T16:48:36+08:00 ] 127.0.0.1 GET wps.bobo.com/demo
[运行时间：0.077027s] [吞吐率：12.98req/s] [内存消耗：3,090.94kb] [文件加载：124]
[ info ] [ BEHAVIOR ] Run Closure @app_init [ RunTime:0.000027s ]
[ info ] [ CACHE ] INIT File
[ info ] [ BEHAVIOR ] Run Closure @app_init [ RunTime:0.002276s ]
[ info ] [ LANG ] D:\phpstudy_pro\WWW\wps.bobo.com\thinkphp\lang\zh-cn.php
[ info ] [ ROUTE ] array (
  'type' => 'module',
  'module' => 
  array (
    0 => 'demo',
    1 => NULL,
    2 => NULL,
  ),
)
[ info ] [ HEADER ] array (
  'cookie' => 'keeplogin=1%7C86400%7C1574610710%7C2bfa8f5f381bb8fdb6d07b28ee445b2d; Hm_lvt_f8d0a8c400404989e195270b0bbf060a=1574524324,1575017168; Hm_lpvt_f8d0a8c400404989e195270b0bbf060a=1575017208',
  'accept-language' => 'zh-CN,zh;q=0.9',
  'accept-encoding' => 'gzip, deflate',
  'accept' => 'text/html,application/xhtml+xml,application/xml;q=0.9,image/webp,image/apng,*/*;q=0.8,application/signed-exchange;v=b3',
  'user-agent' => 'Mozilla/5.0 (Windows NT 10.0; Win64; x64) AppleWebKit/537.36 (KHTML, like Gecko) Chrome/75.0.3770.142 Safari/537.36',
  'upgrade-insecure-requests' => '1',
  'cache-control' => 'max-age=0',
  'connection' => 'close',
  'host' => 'wps.bobo.com',
)
[ info ] [ PARAM ] array (
)
[ info ] [ LANG ] D:\phpstudy_pro\WWW\wps.bobo.com\public/../application/demo\lang\zh-cn.php
[ info ] [ BEHAVIOR ] Run app\common\behavior\Common @module_init [ RunTime:0.004558s ]
[ info ] [ LANG ] D:\phpstudy_pro\WWW\wps.bobo.com\public/../application/demo/lang/zh-cn/index.php
[ info ] [ RUN ] app\demo\controller\Index->index[ D:\phpstudy_pro\WWW\wps.bobo.com\application\demo\controller\Index.php ]
[ info ] [ VIEW ] D:\phpstudy_pro\WWW\wps.bobo.com\public/../application/demo\view\index\index.html [ array (
  0 => 'user',
  1 => 'site',
  2 => 'config',
) ]
[ info ] [ LOG ] INIT File
---------------------------------------------------------------
[ 2019-11-29T16:48:59+08:00 ] 127.0.0.1 GET wps.bobo.com/demo
[运行时间：0.087072s] [吞吐率：11.48req/s] [内存消耗：3,090.94kb] [文件加载：124]
[ info ] [ BEHAVIOR ] Run Closure @app_init [ RunTime:0.000038s ]
[ info ] [ CACHE ] INIT File
[ info ] [ BEHAVIOR ] Run Closure @app_init [ RunTime:0.005214s ]
[ info ] [ LANG ] D:\phpstudy_pro\WWW\wps.bobo.com\thinkphp\lang\zh-cn.php
[ info ] [ ROUTE ] array (
  'type' => 'module',
  'module' => 
  array (
    0 => 'demo',
    1 => NULL,
    2 => NULL,
  ),
)
[ info ] [ HEADER ] array (
  'cookie' => 'keeplogin=1%7C86400%7C1574610710%7C2bfa8f5f381bb8fdb6d07b28ee445b2d; Hm_lvt_f8d0a8c400404989e195270b0bbf060a=1574524324,1575017168; Hm_lpvt_f8d0a8c400404989e195270b0bbf060a=1575017208',
  'accept-language' => 'zh-CN,zh;q=0.9',
  'accept-encoding' => 'gzip, deflate',
  'accept' => 'text/html,application/xhtml+xml,application/xml;q=0.9,image/webp,image/apng,*/*;q=0.8,application/signed-exchange;v=b3',
  'user-agent' => 'Mozilla/5.0 (Windows NT 10.0; Win64; x64) AppleWebKit/537.36 (KHTML, like Gecko) Chrome/75.0.3770.142 Safari/537.36',
  'upgrade-insecure-requests' => '1',
  'cache-control' => 'max-age=0',
  'connection' => 'close',
  'host' => 'wps.bobo.com',
)
[ info ] [ PARAM ] array (
)
[ info ] [ LANG ] D:\phpstudy_pro\WWW\wps.bobo.com\public/../application/demo\lang\zh-cn.php
[ info ] [ BEHAVIOR ] Run app\common\behavior\Common @module_init [ RunTime:0.002973s ]
[ info ] [ LANG ] D:\phpstudy_pro\WWW\wps.bobo.com\public/../application/demo/lang/zh-cn/index.php
[ info ] [ RUN ] app\demo\controller\Index->index[ D:\phpstudy_pro\WWW\wps.bobo.com\application\demo\controller\Index.php ]
[ info ] [ VIEW ] D:\phpstudy_pro\WWW\wps.bobo.com\public/../application/demo\view\index\index.html [ array (
  0 => 'user',
  1 => 'site',
  2 => 'config',
) ]
[ info ] [ LOG ] INIT File
---------------------------------------------------------------
[ 2019-11-29T16:49:07+08:00 ] 127.0.0.1 GET wps.bobo.com/demo
[运行时间：0.080844s] [吞吐率：12.37req/s] [内存消耗：3,090.94kb] [文件加载：124]
[ info ] [ BEHAVIOR ] Run Closure @app_init [ RunTime:0.000028s ]
[ info ] [ CACHE ] INIT File
[ info ] [ BEHAVIOR ] Run Closure @app_init [ RunTime:0.003889s ]
[ info ] [ LANG ] D:\phpstudy_pro\WWW\wps.bobo.com\thinkphp\lang\zh-cn.php
[ info ] [ ROUTE ] array (
  'type' => 'module',
  'module' => 
  array (
    0 => 'demo',
    1 => NULL,
    2 => NULL,
  ),
)
[ info ] [ HEADER ] array (
  'cookie' => 'keeplogin=1%7C86400%7C1574610710%7C2bfa8f5f381bb8fdb6d07b28ee445b2d; Hm_lvt_f8d0a8c400404989e195270b0bbf060a=1574524324,1575017168; Hm_lpvt_f8d0a8c400404989e195270b0bbf060a=1575017208',
  'accept-language' => 'zh-CN,zh;q=0.9',
  'accept-encoding' => 'gzip, deflate',
  'accept' => 'text/html,application/xhtml+xml,application/xml;q=0.9,image/webp,image/apng,*/*;q=0.8,application/signed-exchange;v=b3',
  'user-agent' => 'Mozilla/5.0 (Windows NT 10.0; Win64; x64) AppleWebKit/537.36 (KHTML, like Gecko) Chrome/75.0.3770.142 Safari/537.36',
  'upgrade-insecure-requests' => '1',
  'cache-control' => 'max-age=0',
  'connection' => 'close',
  'host' => 'wps.bobo.com',
)
[ info ] [ PARAM ] array (
)
[ info ] [ LANG ] D:\phpstudy_pro\WWW\wps.bobo.com\public/../application/demo\lang\zh-cn.php
[ info ] [ BEHAVIOR ] Run app\common\behavior\Common @module_init [ RunTime:0.002908s ]
[ info ] [ LANG ] D:\phpstudy_pro\WWW\wps.bobo.com\public/../application/demo/lang/zh-cn/index.php
[ info ] [ RUN ] app\demo\controller\Index->index[ D:\phpstudy_pro\WWW\wps.bobo.com\application\demo\controller\Index.php ]
[ info ] [ VIEW ] D:\phpstudy_pro\WWW\wps.bobo.com\public/../application/demo\view\index\index.html [ array (
  0 => 'user',
  1 => 'site',
  2 => 'config',
) ]
[ info ] [ LOG ] INIT File
---------------------------------------------------------------
[ 2019-11-29T16:52:50+08:00 ] 127.0.0.1 GET wps.bobo.com/demo
[运行时间：0.128512s] [吞吐率：7.78req/s] [内存消耗：3,091.69kb] [文件加载：124]
[ info ] [ BEHAVIOR ] Run Closure @app_init [ RunTime:0.000030s ]
[ info ] [ CACHE ] INIT File
[ info ] [ BEHAVIOR ] Run Closure @app_init [ RunTime:0.003344s ]
[ info ] [ LANG ] D:\phpstudy_pro\WWW\wps.bobo.com\thinkphp\lang\zh-cn.php
[ info ] [ ROUTE ] array (
  'type' => 'module',
  'module' => 
  array (
    0 => 'demo',
    1 => NULL,
    2 => NULL,
  ),
)
[ info ] [ HEADER ] array (
  'cookie' => 'keeplogin=1%7C86400%7C1574610710%7C2bfa8f5f381bb8fdb6d07b28ee445b2d; Hm_lvt_f8d0a8c400404989e195270b0bbf060a=1574524324,1575017168; Hm_lpvt_f8d0a8c400404989e195270b0bbf060a=1575017208',
  'accept-language' => 'zh-CN,zh;q=0.9',
  'accept-encoding' => 'gzip, deflate',
  'accept' => 'text/html,application/xhtml+xml,application/xml;q=0.9,image/webp,image/apng,*/*;q=0.8,application/signed-exchange;v=b3',
  'user-agent' => 'Mozilla/5.0 (Windows NT 10.0; Win64; x64) AppleWebKit/537.36 (KHTML, like Gecko) Chrome/75.0.3770.142 Safari/537.36',
  'upgrade-insecure-requests' => '1',
  'cache-control' => 'max-age=0',
  'connection' => 'close',
  'host' => 'wps.bobo.com',
)
[ info ] [ PARAM ] array (
)
[ info ] [ LANG ] D:\phpstudy_pro\WWW\wps.bobo.com\public/../application/demo\lang\zh-cn.php
[ info ] [ BEHAVIOR ] Run app\common\behavior\Common @module_init [ RunTime:0.002609s ]
[ info ] [ LANG ] D:\phpstudy_pro\WWW\wps.bobo.com\public/../application/demo/lang/zh-cn/index.php
[ info ] [ RUN ] app\demo\controller\Index->index[ D:\phpstudy_pro\WWW\wps.bobo.com\application\demo\controller\Index.php ]
[ info ] [ VIEW ] D:\phpstudy_pro\WWW\wps.bobo.com\public/../application/demo\view\index\index.html [ array (
  0 => 'user',
  1 => 'site',
  2 => 'config',
) ]
[ info ] [ LOG ] INIT File
---------------------------------------------------------------
[ 2019-11-29T16:53:04+08:00 ] 127.0.0.1 GET wps.bobo.com/demo
[运行时间：0.087186s] [吞吐率：11.47req/s] [内存消耗：3,091.69kb] [文件加载：124]
[ info ] [ BEHAVIOR ] Run Closure @app_init [ RunTime:0.000044s ]
[ info ] [ CACHE ] INIT File
[ info ] [ BEHAVIOR ] Run Closure @app_init [ RunTime:0.004466s ]
[ info ] [ LANG ] D:\phpstudy_pro\WWW\wps.bobo.com\thinkphp\lang\zh-cn.php
[ info ] [ ROUTE ] array (
  'type' => 'module',
  'module' => 
  array (
    0 => 'demo',
    1 => NULL,
    2 => NULL,
  ),
)
[ info ] [ HEADER ] array (
  'cookie' => 'keeplogin=1%7C86400%7C1574610710%7C2bfa8f5f381bb8fdb6d07b28ee445b2d; Hm_lvt_f8d0a8c400404989e195270b0bbf060a=1574524324,1575017168; Hm_lpvt_f8d0a8c400404989e195270b0bbf060a=1575017208',
  'accept-language' => 'zh-CN,zh;q=0.9',
  'accept-encoding' => 'gzip, deflate',
  'accept' => 'text/html,application/xhtml+xml,application/xml;q=0.9,image/webp,image/apng,*/*;q=0.8,application/signed-exchange;v=b3',
  'user-agent' => 'Mozilla/5.0 (Windows NT 10.0; Win64; x64) AppleWebKit/537.36 (KHTML, like Gecko) Chrome/75.0.3770.142 Safari/537.36',
  'upgrade-insecure-requests' => '1',
  'cache-control' => 'max-age=0',
  'connection' => 'close',
  'host' => 'wps.bobo.com',
)
[ info ] [ PARAM ] array (
)
[ info ] [ LANG ] D:\phpstudy_pro\WWW\wps.bobo.com\public/../application/demo\lang\zh-cn.php
[ info ] [ BEHAVIOR ] Run app\common\behavior\Common @module_init [ RunTime:0.002820s ]
[ info ] [ LANG ] D:\phpstudy_pro\WWW\wps.bobo.com\public/../application/demo/lang/zh-cn/index.php
[ info ] [ RUN ] app\demo\controller\Index->index[ D:\phpstudy_pro\WWW\wps.bobo.com\application\demo\controller\Index.php ]
[ info ] [ VIEW ] D:\phpstudy_pro\WWW\wps.bobo.com\public/../application/demo\view\index\index.html [ array (
  0 => 'user',
  1 => 'site',
  2 => 'config',
) ]
[ info ] [ LOG ] INIT File
---------------------------------------------------------------
[ 2019-11-29T16:54:12+08:00 ] 127.0.0.1 GET wps.bobo.com/demo
[运行时间：0.085289s] [吞吐率：11.72req/s] [内存消耗：3,091.69kb] [文件加载：124]
[ info ] [ BEHAVIOR ] Run Closure @app_init [ RunTime:0.000024s ]
[ info ] [ CACHE ] INIT File
[ info ] [ BEHAVIOR ] Run Closure @app_init [ RunTime:0.002270s ]
[ info ] [ LANG ] D:\phpstudy_pro\WWW\wps.bobo.com\thinkphp\lang\zh-cn.php
[ info ] [ ROUTE ] array (
  'type' => 'module',
  'module' => 
  array (
    0 => 'demo',
    1 => NULL,
    2 => NULL,
  ),
)
[ info ] [ HEADER ] array (
  'cookie' => 'keeplogin=1%7C86400%7C1574610710%7C2bfa8f5f381bb8fdb6d07b28ee445b2d; Hm_lvt_f8d0a8c400404989e195270b0bbf060a=1574524324,1575017168; Hm_lpvt_f8d0a8c400404989e195270b0bbf060a=1575017208',
  'accept-language' => 'zh-CN,zh;q=0.9',
  'accept-encoding' => 'gzip, deflate',
  'accept' => 'text/html,application/xhtml+xml,application/xml;q=0.9,image/webp,image/apng,*/*;q=0.8,application/signed-exchange;v=b3',
  'user-agent' => 'Mozilla/5.0 (Windows NT 10.0; Win64; x64) AppleWebKit/537.36 (KHTML, like Gecko) Chrome/75.0.3770.142 Safari/537.36',
  'upgrade-insecure-requests' => '1',
  'cache-control' => 'max-age=0',
  'connection' => 'close',
  'host' => 'wps.bobo.com',
)
[ info ] [ PARAM ] array (
)
[ info ] [ LANG ] D:\phpstudy_pro\WWW\wps.bobo.com\public/../application/demo\lang\zh-cn.php
[ info ] [ BEHAVIOR ] Run app\common\behavior\Common @module_init [ RunTime:0.002329s ]
[ info ] [ LANG ] D:\phpstudy_pro\WWW\wps.bobo.com\public/../application/demo/lang/zh-cn/index.php
[ info ] [ RUN ] app\demo\controller\Index->index[ D:\phpstudy_pro\WWW\wps.bobo.com\application\demo\controller\Index.php ]
[ info ] [ VIEW ] D:\phpstudy_pro\WWW\wps.bobo.com\public/../application/demo\view\index\index.html [ array (
  0 => 'user',
  1 => 'site',
  2 => 'config',
) ]
[ info ] [ LOG ] INIT File
---------------------------------------------------------------
[ 2019-11-29T16:55:23+08:00 ] 127.0.0.1 GET wps.bobo.com/demo
[运行时间：0.114802s] [吞吐率：8.71req/s] [内存消耗：2,963.70kb] [文件加载：122]
[ info ] [ BEHAVIOR ] Run Closure @app_init [ RunTime:0.000042s ]
[ info ] [ CACHE ] INIT File
[ info ] [ BEHAVIOR ] Run Closure @app_init [ RunTime:0.005124s ]
[ info ] [ LANG ] D:\phpstudy_pro\WWW\wps.bobo.com\thinkphp\lang\zh-cn.php
[ info ] [ ROUTE ] array (
  'type' => 'module',
  'module' => 
  array (
    0 => 'demo',
    1 => NULL,
    2 => NULL,
  ),
)
[ info ] [ HEADER ] array (
  'cookie' => 'keeplogin=1%7C86400%7C1574610710%7C2bfa8f5f381bb8fdb6d07b28ee445b2d; Hm_lvt_f8d0a8c400404989e195270b0bbf060a=1574524324,1575017168; Hm_lpvt_f8d0a8c400404989e195270b0bbf060a=1575017719',
  'accept-language' => 'zh-CN,zh;q=0.9',
  'accept-encoding' => 'gzip, deflate',
  'accept' => 'text/html,application/xhtml+xml,application/xml;q=0.9,image/webp,image/apng,*/*;q=0.8,application/signed-exchange;v=b3',
  'user-agent' => 'Mozilla/5.0 (Windows NT 10.0; Win64; x64) AppleWebKit/537.36 (KHTML, like Gecko) Chrome/75.0.3770.142 Safari/537.36',
  'upgrade-insecure-requests' => '1',
  'connection' => 'close',
  'host' => 'wps.bobo.com',
)
[ info ] [ PARAM ] array (
)
[ info ] [ LANG ] D:\phpstudy_pro\WWW\wps.bobo.com\public/../application/demo\lang\zh-cn.php
[ info ] [ BEHAVIOR ] Run app\common\behavior\Common @module_init [ RunTime:0.002710s ]
[ info ] [ LANG ] D:\phpstudy_pro\WWW\wps.bobo.com\public/../application/demo/lang/zh-cn/index.php
[ info ] [ RUN ] app\demo\controller\Index->index[ D:\phpstudy_pro\WWW\wps.bobo.com\application\demo\controller\Index.php ]
[ info ] [ VIEW ] D:\phpstudy_pro\WWW\wps.bobo.com\public/../application/demo\view\index\index.html [ array (
  0 => 'user',
  1 => 'site',
  2 => 'config',
) ]
[ info ] [ LOG ] INIT File
---------------------------------------------------------------
[ 2019-11-29T16:55:43+08:00 ] 127.0.0.1 GET wps.bobo.com/
[运行时间：0.082065s] [吞吐率：12.19req/s] [内存消耗：2,965.30kb] [文件加载：121]
[ info ] [ BEHAVIOR ] Run Closure @app_init [ RunTime:0.000027s ]
[ info ] [ CACHE ] INIT File
[ info ] [ BEHAVIOR ] Run Closure @app_init [ RunTime:0.002137s ]
[ info ] [ LANG ] D:\phpstudy_pro\WWW\wps.bobo.com\thinkphp\lang\zh-cn.php
[ info ] [ ROUTE ] array (
  'type' => 'module',
  'module' => 
  array (
    0 => '',
    1 => NULL,
    2 => NULL,
  ),
)
[ info ] [ HEADER ] array (
  'cookie' => 'keeplogin=1%7C86400%7C1574610710%7C2bfa8f5f381bb8fdb6d07b28ee445b2d; Hm_lvt_f8d0a8c400404989e195270b0bbf060a=1574524324,1575017168; Hm_lpvt_f8d0a8c400404989e195270b0bbf060a=1575017743',
  'accept-language' => 'zh-CN,zh;q=0.9',
  'accept-encoding' => 'gzip, deflate',
  'accept' => 'text/html,application/xhtml+xml,application/xml;q=0.9,image/webp,image/apng,*/*;q=0.8,application/signed-exchange;v=b3',
  'user-agent' => 'Mozilla/5.0 (Windows NT 10.0; Win64; x64) AppleWebKit/537.36 (KHTML, like Gecko) Chrome/75.0.3770.142 Safari/537.36',
  'upgrade-insecure-requests' => '1',
  'cache-control' => 'max-age=0',
  'connection' => 'close',
  'host' => 'wps.bobo.com',
)
[ info ] [ PARAM ] array (
)
[ info ] [ LANG ] D:\phpstudy_pro\WWW\wps.bobo.com\public/../application/index\lang\zh-cn.php
[ info ] [ BEHAVIOR ] Run app\common\behavior\Common @module_init [ RunTime:0.003335s ]
[ info ] [ LANG ] D:\phpstudy_pro\WWW\wps.bobo.com\public/../application/index/lang/zh-cn/index.php
[ info ] [ RUN ] app\index\controller\Index->index[ D:\phpstudy_pro\WWW\wps.bobo.com\application\index\controller\Index.php ]
[ info ] [ VIEW ] D:\phpstudy_pro\WWW\wps.bobo.com\public/../application/index\view\index\index.html [ array (
  0 => 'user',
  1 => 'site',
  2 => 'config',
) ]
[ info ] [ LOG ] INIT File
---------------------------------------------------------------
[ 2019-11-29T16:55:46+08:00 ] 127.0.0.1 GET wps.bobo.com/demo
[运行时间：0.077841s] [吞吐率：12.85req/s] [内存消耗：2,963.70kb] [文件加载：122]
[ info ] [ BEHAVIOR ] Run Closure @app_init [ RunTime:0.000024s ]
[ info ] [ CACHE ] INIT File
[ info ] [ BEHAVIOR ] Run Closure @app_init [ RunTime:0.001993s ]
[ info ] [ LANG ] D:\phpstudy_pro\WWW\wps.bobo.com\thinkphp\lang\zh-cn.php
[ info ] [ ROUTE ] array (
  'type' => 'module',
  'module' => 
  array (
    0 => 'demo',
    1 => NULL,
    2 => NULL,
  ),
)
[ info ] [ HEADER ] array (
  'cookie' => 'keeplogin=1%7C86400%7C1574610710%7C2bfa8f5f381bb8fdb6d07b28ee445b2d; Hm_lvt_f8d0a8c400404989e195270b0bbf060a=1574524324,1575017168; Hm_lpvt_f8d0a8c400404989e195270b0bbf060a=1575017744',
  'accept-language' => 'zh-CN,zh;q=0.9',
  'accept-encoding' => 'gzip, deflate',
  'accept' => 'text/html,application/xhtml+xml,application/xml;q=0.9,image/webp,image/apng,*/*;q=0.8,application/signed-exchange;v=b3',
  'user-agent' => 'Mozilla/5.0 (Windows NT 10.0; Win64; x64) AppleWebKit/537.36 (KHTML, like Gecko) Chrome/75.0.3770.142 Safari/537.36',
  'upgrade-insecure-requests' => '1',
  'connection' => 'close',
  'host' => 'wps.bobo.com',
)
[ info ] [ PARAM ] array (
)
[ info ] [ LANG ] D:\phpstudy_pro\WWW\wps.bobo.com\public/../application/demo\lang\zh-cn.php
[ info ] [ BEHAVIOR ] Run app\common\behavior\Common @module_init [ RunTime:0.002115s ]
[ info ] [ LANG ] D:\phpstudy_pro\WWW\wps.bobo.com\public/../application/demo/lang/zh-cn/index.php
[ info ] [ RUN ] app\demo\controller\Index->index[ D:\phpstudy_pro\WWW\wps.bobo.com\application\demo\controller\Index.php ]
[ info ] [ VIEW ] D:\phpstudy_pro\WWW\wps.bobo.com\public/../application/demo\view\index\index.html [ array (
  0 => 'user',
  1 => 'site',
  2 => 'config',
) ]
[ info ] [ LOG ] INIT File
---------------------------------------------------------------
[ 2019-11-29T17:00:08+08:00 ] 127.0.0.1 GET wps.bobo.com/
[运行时间：0.094520s] [吞吐率：10.58req/s] [内存消耗：2,965.30kb] [文件加载：121]
[ info ] [ BEHAVIOR ] Run Closure @app_init [ RunTime:0.000024s ]
[ info ] [ CACHE ] INIT File
[ info ] [ BEHAVIOR ] Run Closure @app_init [ RunTime:0.002974s ]
[ info ] [ LANG ] D:\phpstudy_pro\WWW\wps.bobo.com\thinkphp\lang\zh-cn.php
[ info ] [ ROUTE ] array (
  'type' => 'module',
  'module' => 
  array (
    0 => '',
    1 => NULL,
    2 => NULL,
  ),
)
[ info ] [ HEADER ] array (
  'cookie' => 'keeplogin=1%7C86400%7C1574610710%7C2bfa8f5f381bb8fdb6d07b28ee445b2d; Hm_lvt_f8d0a8c400404989e195270b0bbf060a=1574524324,1575017168; Hm_lpvt_f8d0a8c400404989e195270b0bbf060a=1575017756',
  'accept-language' => 'zh-CN,zh;q=0.9',
  'accept-encoding' => 'gzip, deflate',
  'accept' => 'text/html,application/xhtml+xml,application/xml;q=0.9,image/webp,image/apng,*/*;q=0.8,application/signed-exchange;v=b3',
  'user-agent' => 'Mozilla/5.0 (Windows NT 10.0; Win64; x64) AppleWebKit/537.36 (KHTML, like Gecko) Chrome/75.0.3770.142 Safari/537.36',
  'upgrade-insecure-requests' => '1',
  'cache-control' => 'max-age=0',
  'connection' => 'close',
  'host' => 'wps.bobo.com',
)
[ info ] [ PARAM ] array (
)
[ info ] [ LANG ] D:\phpstudy_pro\WWW\wps.bobo.com\public/../application/index\lang\zh-cn.php
[ info ] [ BEHAVIOR ] Run app\common\behavior\Common @module_init [ RunTime:0.004303s ]
[ info ] [ LANG ] D:\phpstudy_pro\WWW\wps.bobo.com\public/../application/index/lang/zh-cn/index.php
[ info ] [ RUN ] app\index\controller\Index->index[ D:\phpstudy_pro\WWW\wps.bobo.com\application\index\controller\Index.php ]
[ info ] [ VIEW ] D:\phpstudy_pro\WWW\wps.bobo.com\public/../application/index\view\index\index.html [ array (
  0 => 'user',
  1 => 'site',
  2 => 'config',
) ]
[ info ] [ LOG ] INIT File
---------------------------------------------------------------
[ 2019-11-29T17:00:14+08:00 ] 127.0.0.1 GET wps.bobo.com/demo
[运行时间：0.086149s] [吞吐率：11.61req/s] [内存消耗：2,963.70kb] [文件加载：122]
[ info ] [ BEHAVIOR ] Run Closure @app_init [ RunTime:0.000043s ]
[ info ] [ CACHE ] INIT File
[ info ] [ BEHAVIOR ] Run Closure @app_init [ RunTime:0.002714s ]
[ info ] [ LANG ] D:\phpstudy_pro\WWW\wps.bobo.com\thinkphp\lang\zh-cn.php
[ info ] [ ROUTE ] array (
  'type' => 'module',
  'module' => 
  array (
    0 => 'demo',
    1 => NULL,
    2 => NULL,
  ),
)
[ info ] [ HEADER ] array (
  'cookie' => 'keeplogin=1%7C86400%7C1574610710%7C2bfa8f5f381bb8fdb6d07b28ee445b2d; Hm_lvt_f8d0a8c400404989e195270b0bbf060a=1574524324,1575017168; Hm_lpvt_f8d0a8c400404989e195270b0bbf060a=1575018008',
  'accept-language' => 'zh-CN,zh;q=0.9',
  'accept-encoding' => 'gzip, deflate',
  'accept' => 'text/html,application/xhtml+xml,application/xml;q=0.9,image/webp,image/apng,*/*;q=0.8,application/signed-exchange;v=b3',
  'user-agent' => 'Mozilla/5.0 (Windows NT 10.0; Win64; x64) AppleWebKit/537.36 (KHTML, like Gecko) Chrome/75.0.3770.142 Safari/537.36',
  'upgrade-insecure-requests' => '1',
  'connection' => 'close',
  'host' => 'wps.bobo.com',
)
[ info ] [ PARAM ] array (
)
[ info ] [ LANG ] D:\phpstudy_pro\WWW\wps.bobo.com\public/../application/demo\lang\zh-cn.php
[ info ] [ BEHAVIOR ] Run app\common\behavior\Common @module_init [ RunTime:0.003316s ]
[ info ] [ LANG ] D:\phpstudy_pro\WWW\wps.bobo.com\public/../application/demo/lang/zh-cn/index.php
[ info ] [ RUN ] app\demo\controller\Index->index[ D:\phpstudy_pro\WWW\wps.bobo.com\application\demo\controller\Index.php ]
[ info ] [ VIEW ] D:\phpstudy_pro\WWW\wps.bobo.com\public/../application/demo\view\index\index.html [ array (
  0 => 'user',
  1 => 'site',
  2 => 'config',
) ]
[ info ] [ LOG ] INIT File
