---------------------------------------------------------------
[ 2019-12-02T17:29:35+08:00 ] 127.0.0.1 GET wps.bobo.com/
[运行时间：0.172456s] [吞吐率：5.80req/s] [内存消耗：2,964.48kb] [文件加载：121]
[ info ] [ BEHAVIOR ] Run Closure @app_init [ RunTime:0.006446s ]
[ info ] [ CACHE ] INIT File
[ info ] [ BEHAVIOR ] Run Closure @app_init [ RunTime:0.005257s ]
[ info ] [ LANG ] D:\phpstudy_pro\WWW\wps.bobo.com\thinkphp\lang\zh-cn.php
[ info ] [ ROUTE ] array (
  'type' => 'module',
  'module' => 
  array (
    0 => '',
    1 => NULL,
    2 => NULL,
  ),
)
[ info ] [ HEADER ] array (
  'cookie' => 'keeplogin=1%7C86400%7C1574610710%7C2bfa8f5f381bb8fdb6d07b28ee445b2d; Hm_lvt_f8d0a8c400404989e195270b0bbf060a=1574524324,1575017168',
  'accept-language' => 'zh-CN,zh;q=0.9',
  'accept-encoding' => 'gzip, deflate',
  'accept' => 'text/html,application/xhtml+xml,application/xml;q=0.9,image/webp,image/apng,*/*;q=0.8,application/signed-exchange;v=b3',
  'user-agent' => 'Mozilla/5.0 (Windows NT 10.0; Win64; x64) AppleWebKit/537.36 (KHTML, like Gecko) Chrome/75.0.3770.142 Safari/537.36',
  'upgrade-insecure-requests' => '1',
  'connection' => 'close',
  'host' => 'wps.bobo.com',
)
[ info ] [ PARAM ] array (
)
[ info ] [ LANG ] D:\phpstudy_pro\WWW\wps.bobo.com\public/../application/index\lang\zh-cn.php
[ info ] [ BEHAVIOR ] Run app\common\behavior\Common @module_init [ RunTime:0.008702s ]
[ info ] [ LANG ] D:\phpstudy_pro\WWW\wps.bobo.com\public/../application/index/lang/zh-cn/index.php
[ info ] [ RUN ] app\index\controller\Index->index[ D:\phpstudy_pro\WWW\wps.bobo.com\application\index\controller\Index.php ]
[ info ] [ VIEW ] D:\phpstudy_pro\WWW\wps.bobo.com\public/../application/index\view\index\index.html [ array (
  0 => 'user',
  1 => 'site',
  2 => 'config',
) ]
[ info ] [ LOG ] INIT File
---------------------------------------------------------------
[ 2019-12-02T17:29:35+08:00 ] 127.0.0.1 GET wps.bobo.com/favicon.ico
[运行时间：0.140154s] [吞吐率：7.14req/s] [内存消耗：2,075.41kb] [文件加载：106]
[ info ] [ BEHAVIOR ] Run Closure @app_init [ RunTime:0.000027s ]
[ info ] [ CACHE ] INIT File
[ info ] [ BEHAVIOR ] Run Closure @app_init [ RunTime:0.002141s ]
[ info ] [ LANG ] D:\phpstudy_pro\WWW\wps.bobo.com\thinkphp\lang\zh-cn.php
[ info ] [ ROUTE ] array (
  'type' => 'module',
  'module' => 
  array (
    0 => 'favicon.ico',
    1 => NULL,
    2 => NULL,
  ),
)
[ info ] [ HEADER ] array (
  'cookie' => 'keeplogin=1%7C86400%7C1574610710%7C2bfa8f5f381bb8fdb6d07b28ee445b2d; Hm_lvt_f8d0a8c400404989e195270b0bbf060a=1574524324,1575017168,1575278976; Hm_lpvt_f8d0a8c400404989e195270b0bbf060a=1575278976',
  'accept-language' => 'zh-CN,zh;q=0.9',
  'accept-encoding' => 'gzip, deflate',
  'referer' => 'http://wps.bobo.com/',
  'accept' => 'image/webp,image/apng,image/*,*/*;q=0.8',
  'user-agent' => 'Mozilla/5.0 (Windows NT 10.0; Win64; x64) AppleWebKit/537.36 (KHTML, like Gecko) Chrome/75.0.3770.142 Safari/537.36',
  'connection' => 'close',
  'host' => 'wps.bobo.com',
)
[ info ] [ PARAM ] array (
)
[ info ] [ LOG ] INIT File
---------------------------------------------------------------
[ 2019-12-02T17:29:39+08:00 ] 127.0.0.1 GET wps.bobo.com/admin
[运行时间：0.049648s] [吞吐率：20.14req/s] [内存消耗：2,075.88kb] [文件加载：106]
[ info ] [ BEHAVIOR ] Run Closure @app_init [ RunTime:0.000022s ]
[ info ] [ CACHE ] INIT File
[ info ] [ BEHAVIOR ] Run Closure @app_init [ RunTime:0.001924s ]
[ info ] [ LANG ] D:\phpstudy_pro\WWW\wps.bobo.com\thinkphp\lang\zh-cn.php
[ info ] [ ROUTE ] array (
  'type' => 'module',
  'module' => 
  array (
    0 => 'admin',
    1 => NULL,
    2 => NULL,
  ),
)
[ info ] [ HEADER ] array (
  'cookie' => 'keeplogin=1%7C86400%7C1574610710%7C2bfa8f5f381bb8fdb6d07b28ee445b2d; Hm_lvt_f8d0a8c400404989e195270b0bbf060a=1574524324,1575017168,1575278976; Hm_lpvt_f8d0a8c400404989e195270b0bbf060a=1575278976',
  'accept-language' => 'zh-CN,zh;q=0.9',
  'accept-encoding' => 'gzip, deflate',
  'accept' => 'text/html,application/xhtml+xml,application/xml;q=0.9,image/webp,image/apng,*/*;q=0.8,application/signed-exchange;v=b3',
  'user-agent' => 'Mozilla/5.0 (Windows NT 10.0; Win64; x64) AppleWebKit/537.36 (KHTML, like Gecko) Chrome/75.0.3770.142 Safari/537.36',
  'upgrade-insecure-requests' => '1',
  'connection' => 'close',
  'host' => 'wps.bobo.com',
)
[ info ] [ PARAM ] array (
)
[ info ] [ LOG ] INIT File
---------------------------------------------------------------
[ 2019-12-02T17:30:10+08:00 ] 127.0.0.1 GET wps.bobo.com/admin
[运行时间：0.081489s] [吞吐率：12.27req/s] [内存消耗：2,925.80kb] [文件加载：124]
[ info ] [ BEHAVIOR ] Run Closure @app_init [ RunTime:0.000105s ]
[ info ] [ CACHE ] INIT File
[ info ] [ BEHAVIOR ] Run Closure @app_init [ RunTime:0.003108s ]
[ info ] [ LANG ] D:\phpstudy_pro\WWW\wps.bobo.com\thinkphp\lang\zh-cn.php
[ info ] [ ROUTE ] array (
  'type' => 'module',
  'module' => 
  array (
    0 => 'admin',
    1 => NULL,
    2 => NULL,
  ),
)
[ info ] [ HEADER ] array (
  'cookie' => 'keeplogin=1%7C86400%7C1574610710%7C2bfa8f5f381bb8fdb6d07b28ee445b2d; Hm_lvt_f8d0a8c400404989e195270b0bbf060a=1574524324,1575017168,1575278976; Hm_lpvt_f8d0a8c400404989e195270b0bbf060a=1575278976',
  'accept-language' => 'zh-CN,zh;q=0.9',
  'accept-encoding' => 'gzip, deflate',
  'accept' => 'text/html,application/xhtml+xml,application/xml;q=0.9,image/webp,image/apng,*/*;q=0.8,application/signed-exchange;v=b3',
  'user-agent' => 'Mozilla/5.0 (Windows NT 10.0; Win64; x64) AppleWebKit/537.36 (KHTML, like Gecko) Chrome/75.0.3770.142 Safari/537.36',
  'upgrade-insecure-requests' => '1',
  'cache-control' => 'max-age=0',
  'connection' => 'close',
  'host' => 'wps.bobo.com',
)
[ info ] [ PARAM ] array (
)
[ info ] [ LANG ] D:\phpstudy_pro\WWW\wps.bobo.com\public/../application/admin\lang\zh-cn.php
[ info ] [ BEHAVIOR ] Run app\common\behavior\Common @module_init [ RunTime:0.003054s ]
[ info ] [ SESSION ] INIT array (
  'id' => '',
  'var_session_id' => '',
  'prefix' => 'think',
  'type' => '',
  'auto_start' => true,
)
[ info ] [ VIEW ] D:\phpstudy_pro\WWW\wps.bobo.com\public/../application/common\view\tpl\dispatch_jump.tpl [ array (
  0 => 'code',
  1 => 'msg',
  2 => 'data',
  3 => 'url',
  4 => 'wait',
) ]
[ info ] [ BEHAVIOR ] Run app\admin\behavior\AdminLog @app_end [ RunTime:0.000534s ]
[ info ] [ LOG ] INIT File
---------------------------------------------------------------
[ 2019-12-02T17:30:13+08:00 ] 127.0.0.1 GET wps.bobo.com/admin/index/login?url=%2Fadmin
[运行时间：0.079719s] [吞吐率：12.54req/s] [内存消耗：3,380.63kb] [文件加载：127]
[ info ] [ BEHAVIOR ] Run Closure @app_init [ RunTime:0.000031s ]
[ info ] [ CACHE ] INIT File
[ info ] [ BEHAVIOR ] Run Closure @app_init [ RunTime:0.002697s ]
[ info ] [ LANG ] D:\phpstudy_pro\WWW\wps.bobo.com\thinkphp\lang\zh-cn.php
[ info ] [ ROUTE ] array (
  'type' => 'module',
  'module' => 
  array (
    0 => 'admin',
    1 => 'index',
    2 => 'login',
  ),
)
[ info ] [ HEADER ] array (
  'cookie' => 'keeplogin=1%7C86400%7C1574610710%7C2bfa8f5f381bb8fdb6d07b28ee445b2d; Hm_lvt_f8d0a8c400404989e195270b0bbf060a=1574524324,1575017168,1575278976; Hm_lpvt_f8d0a8c400404989e195270b0bbf060a=1575278976; PHPSESSID=748dnalmoaegnaj115vcssa7id',
  'accept-language' => 'zh-CN,zh;q=0.9',
  'accept-encoding' => 'gzip, deflate',
  'referer' => 'http://wps.bobo.com/admin',
  'accept' => 'text/html,application/xhtml+xml,application/xml;q=0.9,image/webp,image/apng,*/*;q=0.8,application/signed-exchange;v=b3',
  'user-agent' => 'Mozilla/5.0 (Windows NT 10.0; Win64; x64) AppleWebKit/537.36 (KHTML, like Gecko) Chrome/75.0.3770.142 Safari/537.36',
  'upgrade-insecure-requests' => '1',
  'connection' => 'close',
  'host' => 'wps.bobo.com',
)
[ info ] [ PARAM ] array (
  'url' => '/admin',
)
[ info ] [ LANG ] D:\phpstudy_pro\WWW\wps.bobo.com\public/../application/admin\lang\zh-cn.php
[ info ] [ BEHAVIOR ] Run app\common\behavior\Common @module_init [ RunTime:0.002820s ]
[ info ] [ SESSION ] INIT array (
  'id' => '',
  'var_session_id' => '',
  'prefix' => 'think',
  'type' => '',
  'auto_start' => true,
)
[ info ] [ LANG ] D:\phpstudy_pro\WWW\wps.bobo.com\public/../application/admin/lang/zh-cn/index.php
[ info ] [ RUN ] app\admin\controller\Index->login[ D:\phpstudy_pro\WWW\wps.bobo.com\application\admin\controller\Index.php ]
[ info ] [ VIEW ] D:\phpstudy_pro\WWW\wps.bobo.com\public/../application/admin\view\index\login.html [ array (
  0 => 'breadcrumb',
  1 => 'site',
  2 => 'config',
  3 => 'auth',
  4 => 'admin',
  5 => 'background',
  6 => 'title',
) ]
[ info ] [ BEHAVIOR ] Run app\admin\behavior\AdminLog @app_end [ RunTime:0.000313s ]
[ info ] [ LOG ] INIT File
---------------------------------------------------------------
[ 2019-12-02T17:30:14+08:00 ] 127.0.0.1 GET wps.bobo.com/admin/index/login?url=%2Fadmin
[运行时间：0.058725s] [吞吐率：17.03req/s] [内存消耗：3,380.75kb] [文件加载：127]
[ info ] [ BEHAVIOR ] Run Closure @app_init [ RunTime:0.000021s ]
[ info ] [ CACHE ] INIT File
[ info ] [ BEHAVIOR ] Run Closure @app_init [ RunTime:0.001868s ]
[ info ] [ LANG ] D:\phpstudy_pro\WWW\wps.bobo.com\thinkphp\lang\zh-cn.php
[ info ] [ ROUTE ] array (
  'type' => 'module',
  'module' => 
  array (
    0 => 'admin',
    1 => 'index',
    2 => 'login',
  ),
)
[ info ] [ HEADER ] array (
  'cookie' => 'keeplogin=1%7C86400%7C1574610710%7C2bfa8f5f381bb8fdb6d07b28ee445b2d; Hm_lvt_f8d0a8c400404989e195270b0bbf060a=1574524324,1575017168,1575278976; Hm_lpvt_f8d0a8c400404989e195270b0bbf060a=1575278976; PHPSESSID=748dnalmoaegnaj115vcssa7id',
  'accept-language' => 'zh-CN,zh;q=0.9',
  'accept-encoding' => 'gzip, deflate',
  'referer' => 'http://wps.bobo.com/admin',
  'accept' => 'text/html,application/xhtml+xml,application/xml;q=0.9,image/webp,image/apng,*/*;q=0.8,application/signed-exchange;v=b3',
  'user-agent' => 'Mozilla/5.0 (Windows NT 10.0; Win64; x64) AppleWebKit/537.36 (KHTML, like Gecko) Chrome/75.0.3770.142 Safari/537.36',
  'upgrade-insecure-requests' => '1',
  'connection' => 'close',
  'host' => 'wps.bobo.com',
)
[ info ] [ PARAM ] array (
  'url' => '/admin',
)
[ info ] [ LANG ] D:\phpstudy_pro\WWW\wps.bobo.com\public/../application/admin\lang\zh-cn.php
[ info ] [ BEHAVIOR ] Run app\common\behavior\Common @module_init [ RunTime:0.002741s ]
[ info ] [ SESSION ] INIT array (
  'id' => '',
  'var_session_id' => '',
  'prefix' => 'think',
  'type' => '',
  'auto_start' => true,
)
[ info ] [ LANG ] D:\phpstudy_pro\WWW\wps.bobo.com\public/../application/admin/lang/zh-cn/index.php
[ info ] [ RUN ] app\admin\controller\Index->login[ D:\phpstudy_pro\WWW\wps.bobo.com\application\admin\controller\Index.php ]
[ info ] [ VIEW ] D:\phpstudy_pro\WWW\wps.bobo.com\public/../application/admin\view\index\login.html [ array (
  0 => 'breadcrumb',
  1 => 'site',
  2 => 'config',
  3 => 'auth',
  4 => 'admin',
  5 => 'background',
  6 => 'title',
) ]
[ info ] [ BEHAVIOR ] Run app\admin\behavior\AdminLog @app_end [ RunTime:0.000306s ]
[ info ] [ LOG ] INIT File
---------------------------------------------------------------
[ 2019-12-02T17:30:14+08:00 ] 127.0.0.1 GET wps.bobo.com/index.php?s=/captcha
[运行时间：0.097494s] [吞吐率：10.26req/s] [内存消耗：2,111.20kb] [文件加载：105]
[ info ] [ BEHAVIOR ] Run Closure @app_init [ RunTime:0.000036s ]
[ info ] [ CACHE ] INIT File
[ info ] [ BEHAVIOR ] Run Closure @app_init [ RunTime:0.002161s ]
[ info ] [ LANG ] D:\phpstudy_pro\WWW\wps.bobo.com\thinkphp\lang\zh-cn.php
[ info ] [ ROUTE ] array (
  'type' => 'method',
  'method' => 
  array (
    0 => '\\think\\captcha\\CaptchaController',
    1 => 'index',
  ),
  'var' => 
  array (
  ),
)
[ info ] [ HEADER ] array (
  'cookie' => 'keeplogin=1%7C86400%7C1574610710%7C2bfa8f5f381bb8fdb6d07b28ee445b2d; Hm_lvt_f8d0a8c400404989e195270b0bbf060a=1574524324,1575017168,1575278976; Hm_lpvt_f8d0a8c400404989e195270b0bbf060a=1575278976; PHPSESSID=748dnalmoaegnaj115vcssa7id',
  'accept-language' => 'zh-CN,zh;q=0.9',
  'accept-encoding' => 'gzip, deflate',
  'referer' => 'http://wps.bobo.com/admin/index/login?url=%2Fadmin',
  'accept' => 'image/webp,image/apng,image/*,*/*;q=0.8',
  'user-agent' => 'Mozilla/5.0 (Windows NT 10.0; Win64; x64) AppleWebKit/537.36 (KHTML, like Gecko) Chrome/75.0.3770.142 Safari/537.36',
  'connection' => 'close',
  'host' => 'wps.bobo.com',
)
[ info ] [ PARAM ] array (
  'id' => NULL,
)
[ info ] [ RUN ] think\captcha\CaptchaController->index[ D:\phpstudy_pro\WWW\wps.bobo.com\vendor\topthink\think-captcha\src\CaptchaController.php ]
[ info ] [ SESSION ] INIT array (
  'id' => '',
  'var_session_id' => '',
  'prefix' => 'think',
  'type' => '',
  'auto_start' => true,
)
[ info ] [ LOG ] INIT File
---------------------------------------------------------------
[ 2019-12-02T17:30:14+08:00 ] 127.0.0.1 GET wps.bobo.com/admin/ajax/lang?callback=define&controllername=index&v=1575279014
[运行时间：0.085854s] [吞吐率：11.65req/s] [内存消耗：3,386.80kb] [文件加载：127]
[ info ] [ BEHAVIOR ] Run Closure @app_init [ RunTime:0.000045s ]
[ info ] [ CACHE ] INIT File
[ info ] [ BEHAVIOR ] Run Closure @app_init [ RunTime:0.004649s ]
[ info ] [ LANG ] D:\phpstudy_pro\WWW\wps.bobo.com\thinkphp\lang\zh-cn.php
[ info ] [ ROUTE ] array (
  'type' => 'module',
  'module' => 
  array (
    0 => 'admin',
    1 => 'ajax',
    2 => 'lang',
  ),
)
[ info ] [ HEADER ] array (
  'cookie' => 'keeplogin=1%7C86400%7C1574610710%7C2bfa8f5f381bb8fdb6d07b28ee445b2d; Hm_lvt_f8d0a8c400404989e195270b0bbf060a=1574524324,1575017168,1575278976; Hm_lpvt_f8d0a8c400404989e195270b0bbf060a=1575278976; PHPSESSID=748dnalmoaegnaj115vcssa7id',
  'accept-language' => 'zh-CN,zh;q=0.9',
  'accept-encoding' => 'gzip, deflate',
  'referer' => 'http://wps.bobo.com/admin/index/login?url=%2Fadmin',
  'accept' => '*/*',
  'user-agent' => 'Mozilla/5.0 (Windows NT 10.0; Win64; x64) AppleWebKit/537.36 (KHTML, like Gecko) Chrome/75.0.3770.142 Safari/537.36',
  'connection' => 'close',
  'host' => 'wps.bobo.com',
)
[ info ] [ PARAM ] array (
  'callback' => 'define',
  'controllername' => 'index',
  'v' => '1575279014',
)
[ info ] [ LANG ] D:\phpstudy_pro\WWW\wps.bobo.com\public/../application/admin\lang\zh-cn.php
[ info ] [ BEHAVIOR ] Run app\common\behavior\Common @module_init [ RunTime:0.003659s ]
[ info ] [ SESSION ] INIT array (
  'id' => '',
  'var_session_id' => '',
  'prefix' => 'think',
  'type' => '',
  'auto_start' => true,
)
[ info ] [ LANG ] D:\phpstudy_pro\WWW\wps.bobo.com\public/../application/admin/lang/zh-cn/ajax.php
[ info ] [ RUN ] app\admin\controller\Ajax->lang[ D:\phpstudy_pro\WWW\wps.bobo.com\application\admin\controller\Ajax.php ]
[ info ] [ LANG ] D:\phpstudy_pro\WWW\wps.bobo.com\public/../application/admin/lang/zh-cn/index.php
[ info ] [ BEHAVIOR ] Run app\admin\behavior\AdminLog @app_end [ RunTime:0.000747s ]
[ info ] [ LOG ] INIT File
---------------------------------------------------------------
[ 2019-12-02T17:30:22+08:00 ] 127.0.0.1 POST wps.bobo.com/admin/index/login?url=%2Fadmin
[运行时间：0.181505s] [吞吐率：5.51req/s] [内存消耗：4,256.99kb] [文件加载：138]
[ info ] [ BEHAVIOR ] Run Closure @app_init [ RunTime:0.000087s ]
[ info ] [ CACHE ] INIT File
[ info ] [ BEHAVIOR ] Run Closure @app_init [ RunTime:0.002127s ]
[ info ] [ LANG ] D:\phpstudy_pro\WWW\wps.bobo.com\thinkphp\lang\zh-cn.php
[ info ] [ ROUTE ] array (
  'type' => 'module',
  'module' => 
  array (
    0 => 'admin',
    1 => 'index',
    2 => 'login',
  ),
)
[ info ] [ HEADER ] array (
  'cookie' => 'keeplogin=1%7C86400%7C1574610710%7C2bfa8f5f381bb8fdb6d07b28ee445b2d; Hm_lvt_f8d0a8c400404989e195270b0bbf060a=1574524324,1575017168,1575278976; Hm_lpvt_f8d0a8c400404989e195270b0bbf060a=1575278976; PHPSESSID=748dnalmoaegnaj115vcssa7id',
  'accept-language' => 'zh-CN,zh;q=0.9',
  'accept-encoding' => 'gzip, deflate',
  'referer' => 'http://wps.bobo.com/admin/index/login?url=%2Fadmin',
  'content-type' => 'application/x-www-form-urlencoded; charset=UTF-8',
  'user-agent' => 'Mozilla/5.0 (Windows NT 10.0; Win64; x64) AppleWebKit/537.36 (KHTML, like Gecko) Chrome/75.0.3770.142 Safari/537.36',
  'x-requested-with' => 'XMLHttpRequest',
  'origin' => 'http://wps.bobo.com',
  'accept' => 'application/json, text/javascript, */*; q=0.01',
  'content-length' => '100',
  'connection' => 'close',
  'host' => 'wps.bobo.com',
)
[ info ] [ PARAM ] array (
  'url' => '/admin',
  '__token__' => 'c1cf424e7dc45fc044d5594f3b2d1f8a',
  'username' => 'admin',
  'password' => 'admin888',
  'captcha' => 'e4jp',
  'keeplogin' => '1',
)
[ info ] [ LANG ] D:\phpstudy_pro\WWW\wps.bobo.com\public/../application/admin\lang\zh-cn.php
[ info ] [ BEHAVIOR ] Run app\common\behavior\Common @module_init [ RunTime:0.001873s ]
[ info ] [ SESSION ] INIT array (
  'id' => '',
  'var_session_id' => '',
  'prefix' => 'think',
  'type' => '',
  'auto_start' => true,
)
[ info ] [ LANG ] D:\phpstudy_pro\WWW\wps.bobo.com\public/../application/admin/lang/zh-cn/index.php
[ info ] [ RUN ] app\admin\controller\Index->login[ D:\phpstudy_pro\WWW\wps.bobo.com\application\admin\controller\Index.php ]
[ info ] [ DB ] INIT mysql
[ info ] [ BEHAVIOR ] Run app\admin\behavior\AdminLog @app_end [ RunTime:0.009968s ]
[ info ] [ LOG ] INIT File
[ sql ] [ DB ] CONNECT:[ UseTime:0.006207s ] mysql:host=127.0.0.1;dbname=wps;charset=utf8
[ sql ] [ SQL ] SHOW COLUMNS FROM `fa_admin` [ RunTime:0.025152s ]
[ sql ] [ SQL ] SELECT * FROM `fa_admin` WHERE  `username` = 'admin' LIMIT 1 [ RunTime:0.013314s ]
[ sql ] [ SQL ] UPDATE `fa_admin`  SET `logintime`=1575279022,`token`='cdb1adcb-4d95-472d-9e92-94718ddeeb05',`updatetime`=1575279022  WHERE  `id` = 1 [ RunTime:0.050789s ]
[ sql ] [ SQL ] SHOW COLUMNS FROM `fa_admin_log` [ RunTime:0.002384s ]
[ sql ] [ SQL ] INSERT INTO `fa_admin_log` (`title` , `content` , `url` , `admin_id` , `username` , `useragent` , `ip` , `createtime`) VALUES ('登录' , '{\"url\":\"\\/admin\",\"__token__\":\"c1cf424e7dc45fc044d5594f3b2d1f8a\",\"username\":\"admin\",\"captcha\":\"e4jp\",\"keeplogin\":\"1\"}' , '/admin/index/login?url=%2Fadmin' , 1 , 'admin' , 'Mozilla/5.0 (Windows NT 10.0; Win64; x64) AppleWebKit/537.36 (KHTML, like Gecko) Chrome/75.0.3770.142 Safari/537.36' , '127.0.0.1' , 1575279022) [ RunTime:0.006803s ]
---------------------------------------------------------------
[ 2019-12-02T17:30:22+08:00 ] 127.0.0.1 GET wps.bobo.com/admin
[运行时间：0.200614s] [吞吐率：4.98req/s] [内存消耗：4,462.22kb] [文件加载：146]
[ info ] [ BEHAVIOR ] Run Closure @app_init [ RunTime:0.000026s ]
[ info ] [ CACHE ] INIT File
[ info ] [ BEHAVIOR ] Run Closure @app_init [ RunTime:0.002045s ]
[ info ] [ LANG ] D:\phpstudy_pro\WWW\wps.bobo.com\thinkphp\lang\zh-cn.php
[ info ] [ ROUTE ] array (
  'type' => 'module',
  'module' => 
  array (
    0 => 'admin',
    1 => NULL,
    2 => NULL,
  ),
)
[ info ] [ HEADER ] array (
  'cookie' => 'Hm_lvt_f8d0a8c400404989e195270b0bbf060a=1574524324,1575017168,1575278976; Hm_lpvt_f8d0a8c400404989e195270b0bbf060a=1575278976; PHPSESSID=748dnalmoaegnaj115vcssa7id; keeplogin=1%7C86400%7C1575365422%7Cec4d7032f59080db96e6d89ecc194982',
  'accept-language' => 'zh-CN,zh;q=0.9',
  'accept-encoding' => 'gzip, deflate',
  'referer' => 'http://wps.bobo.com/admin/index/login?url=%2Fadmin',
  'accept' => 'text/html,application/xhtml+xml,application/xml;q=0.9,image/webp,image/apng,*/*;q=0.8,application/signed-exchange;v=b3',
  'user-agent' => 'Mozilla/5.0 (Windows NT 10.0; Win64; x64) AppleWebKit/537.36 (KHTML, like Gecko) Chrome/75.0.3770.142 Safari/537.36',
  'upgrade-insecure-requests' => '1',
  'connection' => 'close',
  'host' => 'wps.bobo.com',
)
[ info ] [ PARAM ] array (
)
[ info ] [ LANG ] D:\phpstudy_pro\WWW\wps.bobo.com\public/../application/admin\lang\zh-cn.php
[ info ] [ BEHAVIOR ] Run app\common\behavior\Common @module_init [ RunTime:0.002701s ]
[ info ] [ SESSION ] INIT array (
  'id' => '',
  'var_session_id' => '',
  'prefix' => 'think',
  'type' => '',
  'auto_start' => true,
)
[ info ] [ LANG ] D:\phpstudy_pro\WWW\wps.bobo.com\public/../application/admin/lang/zh-cn/index.php
[ info ] [ RUN ] app\admin\controller\Index->index[ D:\phpstudy_pro\WWW\wps.bobo.com\application\admin\controller\Index.php ]
[ info ] [ DB ] INIT mysql
[ info ] [ VIEW ] D:\phpstudy_pro\WWW\wps.bobo.com\public/../application/admin\view\index\index.html [ array (
  0 => 'breadcrumb',
  1 => 'site',
  2 => 'config',
  3 => 'auth',
  4 => 'admin',
  5 => 'menulist',
  6 => 'navlist',
  7 => 'fixedmenu',
  8 => 'referermenu',
  9 => 'title',
) ]
[ info ] [ BEHAVIOR ] Run app\admin\behavior\AdminLog @app_end [ RunTime:0.000377s ]
[ info ] [ LOG ] INIT File
[ sql ] [ DB ] CONNECT:[ UseTime:0.000917s ] mysql:host=127.0.0.1;dbname=wps;charset=utf8
[ sql ] [ SQL ] SHOW COLUMNS FROM `fa_auth_group_access` [ RunTime:0.003837s ]
[ sql ] [ SQL ] SELECT `aga`.`uid`,`aga`.`group_id`,`ag`.`id`,`ag`.`pid`,`ag`.`name`,`ag`.`rules` FROM `fa_auth_group_access` `aga` LEFT JOIN `fa_auth_group` `ag` ON `aga`.`group_id`=`ag`.`id` WHERE  (  aga.uid='1' and ag.status='normal' ) [ RunTime:0.007120s ]
[ sql ] [ SQL ] SHOW COLUMNS FROM `fa_auth_rule` [ RunTime:0.002748s ]
[ sql ] [ SQL ] SELECT `id`,`pid`,`condition`,`icon`,`name`,`title`,`ismenu` FROM `fa_auth_rule` WHERE  `status` = 'normal' [ RunTime:0.003565s ]
[ sql ] [ SQL ] SELECT `name`,`pid` FROM `fa_auth_rule` WHERE  `status` = 'normal'  AND `ismenu` = 0  AND `name` LIKE '%/index' [ RunTime:0.001465s ]
---------------------------------------------------------------
[ 2019-12-02T17:30:22+08:00 ] 127.0.0.1 GET wps.bobo.com/admin/dashboard?addtabs=1
[运行时间：0.117311s] [吞吐率：8.52req/s] [内存消耗：4,358.77kb] [文件加载：136]
[ info ] [ BEHAVIOR ] Run Closure @app_init [ RunTime:0.000028s ]
[ info ] [ CACHE ] INIT File
[ info ] [ BEHAVIOR ] Run Closure @app_init [ RunTime:0.002157s ]
[ info ] [ LANG ] D:\phpstudy_pro\WWW\wps.bobo.com\thinkphp\lang\zh-cn.php
[ info ] [ ROUTE ] array (
  'type' => 'module',
  'module' => 
  array (
    0 => 'admin',
    1 => 'dashboard',
    2 => NULL,
  ),
)
[ info ] [ HEADER ] array (
  'cookie' => 'Hm_lvt_f8d0a8c400404989e195270b0bbf060a=1574524324,1575017168,1575278976; Hm_lpvt_f8d0a8c400404989e195270b0bbf060a=1575278976; PHPSESSID=748dnalmoaegnaj115vcssa7id; keeplogin=1%7C86400%7C1575365422%7Cec4d7032f59080db96e6d89ecc194982',
  'accept-language' => 'zh-CN,zh;q=0.9',
  'accept-encoding' => 'gzip, deflate',
  'referer' => 'http://wps.bobo.com/admin',
  'accept' => 'text/html,application/xhtml+xml,application/xml;q=0.9,image/webp,image/apng,*/*;q=0.8,application/signed-exchange;v=b3',
  'user-agent' => 'Mozilla/5.0 (Windows NT 10.0; Win64; x64) AppleWebKit/537.36 (KHTML, like Gecko) Chrome/75.0.3770.142 Safari/537.36',
  'upgrade-insecure-requests' => '1',
  'connection' => 'close',
  'host' => 'wps.bobo.com',
)
[ info ] [ PARAM ] array (
  'addtabs' => '1',
)
[ info ] [ LANG ] D:\phpstudy_pro\WWW\wps.bobo.com\public/../application/admin\lang\zh-cn.php
[ info ] [ BEHAVIOR ] Run app\common\behavior\Common @module_init [ RunTime:0.004215s ]
[ info ] [ SESSION ] INIT array (
  'id' => '',
  'var_session_id' => '',
  'prefix' => 'think',
  'type' => '',
  'auto_start' => true,
)
[ info ] [ DB ] INIT mysql
[ info ] [ LANG ] D:\phpstudy_pro\WWW\wps.bobo.com\public/../application/admin/lang/zh-cn/dashboard.php
[ info ] [ RUN ] app\admin\controller\Dashboard->index[ D:\phpstudy_pro\WWW\wps.bobo.com\application\admin\controller\Dashboard.php ]
[ info ] [ VIEW ] D:\phpstudy_pro\WWW\wps.bobo.com\public/../application/admin\view\dashboard\index.html [ array (
  0 => 'breadcrumb',
  1 => 'site',
  2 => 'config',
  3 => 'auth',
  4 => 'admin',
  5 => 'totaluser',
  6 => 'totalviews',
  7 => 'totalorder',
  8 => 'totalorderamount',
  9 => 'todayuserlogin',
  10 => 'todayusersignup',
  11 => 'todayorder',
  12 => 'unsettleorder',
  13 => 'sevendnu',
  14 => 'sevendau',
  15 => 'paylist',
  16 => 'createlist',
  17 => 'addonversion',
  18 => 'uploadmode',
) ]
[ info ] [ BEHAVIOR ] Run app\admin\behavior\AdminLog @app_end [ RunTime:0.000490s ]
[ info ] [ LOG ] INIT File
[ sql ] [ DB ] CONNECT:[ UseTime:0.001292s ] mysql:host=127.0.0.1;dbname=wps;charset=utf8
[ sql ] [ SQL ] SHOW COLUMNS FROM `fa_auth_group_access` [ RunTime:0.004212s ]
[ sql ] [ SQL ] SELECT `aga`.`uid`,`aga`.`group_id`,`ag`.`id`,`ag`.`pid`,`ag`.`name`,`ag`.`rules` FROM `fa_auth_group_access` `aga` LEFT JOIN `fa_auth_group` `ag` ON `aga`.`group_id`=`ag`.`id` WHERE  (  aga.uid='1' and ag.status='normal' ) [ RunTime:0.001653s ]
[ sql ] [ SQL ] SHOW COLUMNS FROM `fa_auth_rule` [ RunTime:0.005324s ]
[ sql ] [ SQL ] SELECT `id`,`pid`,`condition`,`icon`,`name`,`title`,`ismenu` FROM `fa_auth_rule` WHERE  `status` = 'normal' [ RunTime:0.001716s ]
[ sql ] [ SQL ] SELECT `title`,`remark` FROM `fa_auth_rule` WHERE  `name` = 'dashboard' LIMIT 1 [ RunTime:0.001585s ]
---------------------------------------------------------------
[ 2019-12-02T17:30:22+08:00 ] 127.0.0.1 GET wps.bobo.com/admin/ajax/lang?callback=define&controllername=index&v=1575279022
[运行时间：0.089654s] [吞吐率：11.15req/s] [内存消耗：3,387.42kb] [文件加载：127]
[ info ] [ BEHAVIOR ] Run Closure @app_init [ RunTime:0.000025s ]
[ info ] [ CACHE ] INIT File
[ info ] [ BEHAVIOR ] Run Closure @app_init [ RunTime:0.002822s ]
[ info ] [ LANG ] D:\phpstudy_pro\WWW\wps.bobo.com\thinkphp\lang\zh-cn.php
[ info ] [ ROUTE ] array (
  'type' => 'module',
  'module' => 
  array (
    0 => 'admin',
    1 => 'ajax',
    2 => 'lang',
  ),
)
[ info ] [ HEADER ] array (
  'cookie' => 'Hm_lvt_f8d0a8c400404989e195270b0bbf060a=1574524324,1575017168,1575278976; Hm_lpvt_f8d0a8c400404989e195270b0bbf060a=1575278976; PHPSESSID=748dnalmoaegnaj115vcssa7id; keeplogin=1%7C86400%7C1575365422%7Cec4d7032f59080db96e6d89ecc194982',
  'accept-language' => 'zh-CN,zh;q=0.9',
  'accept-encoding' => 'gzip, deflate',
  'referer' => 'http://wps.bobo.com/admin',
  'accept' => '*/*',
  'user-agent' => 'Mozilla/5.0 (Windows NT 10.0; Win64; x64) AppleWebKit/537.36 (KHTML, like Gecko) Chrome/75.0.3770.142 Safari/537.36',
  'connection' => 'close',
  'host' => 'wps.bobo.com',
)
[ info ] [ PARAM ] array (
  'callback' => 'define',
  'controllername' => 'index',
  'v' => '1575279022',
)
[ info ] [ LANG ] D:\phpstudy_pro\WWW\wps.bobo.com\public/../application/admin\lang\zh-cn.php
[ info ] [ BEHAVIOR ] Run app\common\behavior\Common @module_init [ RunTime:0.002530s ]
[ info ] [ SESSION ] INIT array (
  'id' => '',
  'var_session_id' => '',
  'prefix' => 'think',
  'type' => '',
  'auto_start' => true,
)
[ info ] [ LANG ] D:\phpstudy_pro\WWW\wps.bobo.com\public/../application/admin/lang/zh-cn/ajax.php
[ info ] [ RUN ] app\admin\controller\Ajax->lang[ D:\phpstudy_pro\WWW\wps.bobo.com\application\admin\controller\Ajax.php ]
[ info ] [ LANG ] D:\phpstudy_pro\WWW\wps.bobo.com\public/../application/admin/lang/zh-cn/index.php
[ info ] [ BEHAVIOR ] Run app\admin\behavior\AdminLog @app_end [ RunTime:0.000317s ]
[ info ] [ LOG ] INIT File
---------------------------------------------------------------
[ 2019-12-02T17:30:23+08:00 ] 127.0.0.1 GET wps.bobo.com/admin/ajax/lang?callback=define&controllername=dashboard&v=1575279022
[运行时间：0.071331s] [吞吐率：14.02req/s] [内存消耗：3,386.28kb] [文件加载：127]
[ info ] [ BEHAVIOR ] Run Closure @app_init [ RunTime:0.000023s ]
[ info ] [ CACHE ] INIT File
[ info ] [ BEHAVIOR ] Run Closure @app_init [ RunTime:0.001871s ]
[ info ] [ LANG ] D:\phpstudy_pro\WWW\wps.bobo.com\thinkphp\lang\zh-cn.php
[ info ] [ ROUTE ] array (
  'type' => 'module',
  'module' => 
  array (
    0 => 'admin',
    1 => 'ajax',
    2 => 'lang',
  ),
)
[ info ] [ HEADER ] array (
  'cookie' => 'Hm_lvt_f8d0a8c400404989e195270b0bbf060a=1574524324,1575017168,1575278976; Hm_lpvt_f8d0a8c400404989e195270b0bbf060a=1575278976; PHPSESSID=748dnalmoaegnaj115vcssa7id; keeplogin=1%7C86400%7C1575365422%7Cec4d7032f59080db96e6d89ecc194982',
  'accept-language' => 'zh-CN,zh;q=0.9',
  'accept-encoding' => 'gzip, deflate',
  'referer' => 'http://wps.bobo.com/admin/dashboard?addtabs=1',
  'accept' => '*/*',
  'user-agent' => 'Mozilla/5.0 (Windows NT 10.0; Win64; x64) AppleWebKit/537.36 (KHTML, like Gecko) Chrome/75.0.3770.142 Safari/537.36',
  'connection' => 'close',
  'host' => 'wps.bobo.com',
)
[ info ] [ PARAM ] array (
  'callback' => 'define',
  'controllername' => 'dashboard',
  'v' => '1575279022',
)
[ info ] [ LANG ] D:\phpstudy_pro\WWW\wps.bobo.com\public/../application/admin\lang\zh-cn.php
[ info ] [ BEHAVIOR ] Run app\common\behavior\Common @module_init [ RunTime:0.002942s ]
[ info ] [ SESSION ] INIT array (
  'id' => '',
  'var_session_id' => '',
  'prefix' => 'think',
  'type' => '',
  'auto_start' => true,
)
[ info ] [ LANG ] D:\phpstudy_pro\WWW\wps.bobo.com\public/../application/admin/lang/zh-cn/ajax.php
[ info ] [ RUN ] app\admin\controller\Ajax->lang[ D:\phpstudy_pro\WWW\wps.bobo.com\application\admin\controller\Ajax.php ]
[ info ] [ LANG ] D:\phpstudy_pro\WWW\wps.bobo.com\public/../application/admin/lang/zh-cn/dashboard.php
[ info ] [ BEHAVIOR ] Run app\admin\behavior\AdminLog @app_end [ RunTime:0.000314s ]
[ info ] [ LOG ] INIT File
---------------------------------------------------------------
[ 2019-12-02T17:33:01+08:00 ] 127.0.0.1 OPTIONS wps.bobo.com/api/home/getData
[运行时间：0.096776s] [吞吐率：10.33req/s] [内存消耗：2,598.98kb] [文件加载：114]
[ info ] [ BEHAVIOR ] Run Closure @app_init [ RunTime:0.000050s ]
[ info ] [ CACHE ] INIT File
[ info ] [ BEHAVIOR ] Run Closure @app_init [ RunTime:0.004358s ]
[ info ] [ LANG ] D:\phpstudy_pro\WWW\wps.bobo.com\thinkphp\lang\zh-cn.php
[ info ] [ ROUTE ] array (
  'type' => 'module',
  'module' => 
  array (
    0 => 'api',
    1 => 'home',
    2 => 'getData',
  ),
)
[ info ] [ HEADER ] array (
  'accept-language' => 'zh-CN,zh;q=0.9',
  'accept-encoding' => 'gzip, deflate',
  'referer' => 'http://localhost:8080/',
  'accept' => '*/*',
  'access-control-request-headers' => 'content-type',
  'user-agent' => 'Mozilla/5.0 (Windows NT 10.0; Win64; x64) AppleWebKit/537.36 (KHTML, like Gecko) Chrome/75.0.3770.142 Safari/537.36',
  'origin' => 'http://localhost:8080',
  'access-control-request-method' => 'POST',
  'connection' => 'close',
  'host' => 'wps.bobo.com',
)
[ info ] [ PARAM ] array (
)
[ info ] [ LANG ] D:\phpstudy_pro\WWW\wps.bobo.com\public/../application/api\lang\zh-cn.php
[ info ] [ BEHAVIOR ] Run app\common\behavior\Common @module_init [ RunTime:0.005495s ]
[ info ] [ RUN ] app\api\controller\Home->getData[ D:\phpstudy_pro\WWW\wps.bobo.com\application\api\controller\Home.php ]
[ info ] [ LOG ] INIT File
---------------------------------------------------------------
[ 2019-12-02T17:33:01+08:00 ] 127.0.0.1 POST wps.bobo.com/api/home/getData
[运行时间：0.123936s] [吞吐率：8.07req/s] [内存消耗：3,392.17kb] [文件加载：122]
[ info ] [ BEHAVIOR ] Run Closure @app_init [ RunTime:0.000031s ]
[ info ] [ CACHE ] INIT File
[ info ] [ BEHAVIOR ] Run Closure @app_init [ RunTime:0.004111s ]
[ info ] [ LANG ] D:\phpstudy_pro\WWW\wps.bobo.com\thinkphp\lang\zh-cn.php
[ info ] [ ROUTE ] array (
  'type' => 'module',
  'module' => 
  array (
    0 => 'api',
    1 => 'home',
    2 => 'getData',
  ),
)
[ info ] [ HEADER ] array (
  'accept-language' => 'zh-CN,zh;q=0.9',
  'accept-encoding' => 'gzip, deflate',
  'referer' => 'http://localhost:8080/',
  'accept' => '*/*',
  'content-type' => 'application/json',
  'user-agent' => 'Mozilla/5.0 (Windows NT 10.0; Win64; x64) AppleWebKit/537.36 (KHTML, like Gecko) Chrome/75.0.3770.142 Safari/537.36',
  'origin' => 'http://localhost:8080',
  'content-length' => '2',
  'connection' => 'close',
  'host' => 'wps.bobo.com',
)
[ info ] [ PARAM ] array (
)
[ info ] [ LANG ] D:\phpstudy_pro\WWW\wps.bobo.com\public/../application/api\lang\zh-cn.php
[ info ] [ BEHAVIOR ] Run app\common\behavior\Common @module_init [ RunTime:0.003321s ]
[ info ] [ RUN ] app\api\controller\Home->getData[ D:\phpstudy_pro\WWW\wps.bobo.com\application\api\controller\Home.php ]
[ info ] [ DB ] INIT mysql
[ info ] [ LOG ] INIT File
[ sql ] [ DB ] CONNECT:[ UseTime:0.001229s ] mysql:host=127.0.0.1;dbname=wps;charset=utf8
[ sql ] [ SQL ] SHOW COLUMNS FROM `fa_banner` [ RunTime:0.013937s ]
[ sql ] [ SQL ] SELECT `image`,`url` FROM `fa_banner` [ RunTime:0.005557s ]
[ sql ] [ SQL ] SHOW COLUMNS FROM `fa_category` [ RunTime:0.004329s ]
[ sql ] [ SQL ] SELECT `id`,`name`,`image` FROM `fa_category` WHERE  `type` = 'goods'  AND `pid` = 0  AND `flag` = 'index' [ RunTime:0.008322s ]
[ sql ] [ SQL ] SHOW COLUMNS FROM `fa_goods` [ RunTime:0.003881s ]
[ sql ] [ SQL ] SELECT `id`,`name`,`sales`,`images`,`price` FROM `fa_goods` ORDER BY `id` DESC LIMIT 10 [ RunTime:0.005839s ]
---------------------------------------------------------------
[ 2019-12-02T17:33:18+08:00 ] 127.0.0.1 OPTIONS wps.bobo.com/api/home/getData
[运行时间：0.097017s] [吞吐率：10.31req/s] [内存消耗：2,598.98kb] [文件加载：114]
[ info ] [ BEHAVIOR ] Run Closure @app_init [ RunTime:0.000026s ]
[ info ] [ CACHE ] INIT File
[ info ] [ BEHAVIOR ] Run Closure @app_init [ RunTime:0.002381s ]
[ info ] [ LANG ] D:\phpstudy_pro\WWW\wps.bobo.com\thinkphp\lang\zh-cn.php
[ info ] [ ROUTE ] array (
  'type' => 'module',
  'module' => 
  array (
    0 => 'api',
    1 => 'home',
    2 => 'getData',
  ),
)
[ info ] [ HEADER ] array (
  'accept-language' => 'zh-CN,zh;q=0.9',
  'accept-encoding' => 'gzip, deflate',
  'referer' => 'http://localhost:8080/',
  'accept' => '*/*',
  'access-control-request-headers' => 'content-type',
  'user-agent' => 'Mozilla/5.0 (Windows NT 10.0; Win64; x64) AppleWebKit/537.36 (KHTML, like Gecko) Chrome/75.0.3770.142 Safari/537.36',
  'origin' => 'http://localhost:8080',
  'access-control-request-method' => 'POST',
  'connection' => 'close',
  'host' => 'wps.bobo.com',
)
[ info ] [ PARAM ] array (
)
[ info ] [ LANG ] D:\phpstudy_pro\WWW\wps.bobo.com\public/../application/api\lang\zh-cn.php
[ info ] [ BEHAVIOR ] Run app\common\behavior\Common @module_init [ RunTime:0.004191s ]
[ info ] [ RUN ] app\api\controller\Home->getData[ D:\phpstudy_pro\WWW\wps.bobo.com\application\api\controller\Home.php ]
[ info ] [ LOG ] INIT File
---------------------------------------------------------------
[ 2019-12-02T17:33:19+08:00 ] 127.0.0.1 OPTIONS wps.bobo.com/api/home/getData
[运行时间：0.059213s] [吞吐率：16.89req/s] [内存消耗：2,598.98kb] [文件加载：114]
[ info ] [ BEHAVIOR ] Run Closure @app_init [ RunTime:0.000027s ]
[ info ] [ CACHE ] INIT File
[ info ] [ BEHAVIOR ] Run Closure @app_init [ RunTime:0.002118s ]
[ info ] [ LANG ] D:\phpstudy_pro\WWW\wps.bobo.com\thinkphp\lang\zh-cn.php
[ info ] [ ROUTE ] array (
  'type' => 'module',
  'module' => 
  array (
    0 => 'api',
    1 => 'home',
    2 => 'getData',
  ),
)
[ info ] [ HEADER ] array (
  'accept-language' => 'zh-CN,zh;q=0.9',
  'accept-encoding' => 'gzip, deflate',
  'referer' => 'http://localhost:8080/',
  'accept' => '*/*',
  'access-control-request-headers' => 'content-type',
  'user-agent' => 'Mozilla/5.0 (Windows NT 10.0; Win64; x64) AppleWebKit/537.36 (KHTML, like Gecko) Chrome/75.0.3770.142 Safari/537.36',
  'origin' => 'http://localhost:8080',
  'access-control-request-method' => 'POST',
  'connection' => 'close',
  'host' => 'wps.bobo.com',
)
[ info ] [ PARAM ] array (
)
[ info ] [ LANG ] D:\phpstudy_pro\WWW\wps.bobo.com\public/../application/api\lang\zh-cn.php
[ info ] [ BEHAVIOR ] Run app\common\behavior\Common @module_init [ RunTime:0.003355s ]
[ info ] [ RUN ] app\api\controller\Home->getData[ D:\phpstudy_pro\WWW\wps.bobo.com\application\api\controller\Home.php ]
[ info ] [ LOG ] INIT File
---------------------------------------------------------------
[ 2019-12-02T17:33:19+08:00 ] 127.0.0.1 POST wps.bobo.com/api/home/getData
[运行时间：0.102793s] [吞吐率：9.73req/s] [内存消耗：3,392.17kb] [文件加载：122]
[ info ] [ BEHAVIOR ] Run Closure @app_init [ RunTime:0.000023s ]
[ info ] [ CACHE ] INIT File
[ info ] [ BEHAVIOR ] Run Closure @app_init [ RunTime:0.001821s ]
[ info ] [ LANG ] D:\phpstudy_pro\WWW\wps.bobo.com\thinkphp\lang\zh-cn.php
[ info ] [ ROUTE ] array (
  'type' => 'module',
  'module' => 
  array (
    0 => 'api',
    1 => 'home',
    2 => 'getData',
  ),
)
[ info ] [ HEADER ] array (
  'accept-language' => 'zh-CN,zh;q=0.9',
  'accept-encoding' => 'gzip, deflate',
  'referer' => 'http://localhost:8080/',
  'accept' => '*/*',
  'content-type' => 'application/json',
  'user-agent' => 'Mozilla/5.0 (Windows NT 10.0; Win64; x64) AppleWebKit/537.36 (KHTML, like Gecko) Chrome/75.0.3770.142 Safari/537.36',
  'origin' => 'http://localhost:8080',
  'content-length' => '2',
  'connection' => 'close',
  'host' => 'wps.bobo.com',
)
[ info ] [ PARAM ] array (
)
[ info ] [ LANG ] D:\phpstudy_pro\WWW\wps.bobo.com\public/../application/api\lang\zh-cn.php
[ info ] [ BEHAVIOR ] Run app\common\behavior\Common @module_init [ RunTime:0.003164s ]
[ info ] [ RUN ] app\api\controller\Home->getData[ D:\phpstudy_pro\WWW\wps.bobo.com\application\api\controller\Home.php ]
[ info ] [ DB ] INIT mysql
[ info ] [ LOG ] INIT File
[ sql ] [ DB ] CONNECT:[ UseTime:0.001543s ] mysql:host=127.0.0.1;dbname=wps;charset=utf8
[ sql ] [ SQL ] SHOW COLUMNS FROM `fa_banner` [ RunTime:0.003997s ]
[ sql ] [ SQL ] SELECT `image`,`url` FROM `fa_banner` [ RunTime:0.001370s ]
[ sql ] [ SQL ] SHOW COLUMNS FROM `fa_category` [ RunTime:0.004588s ]
[ sql ] [ SQL ] SELECT `id`,`name`,`image` FROM `fa_category` WHERE  `type` = 'goods'  AND `pid` = 0  AND `flag` = 'index' [ RunTime:0.004745s ]
[ sql ] [ SQL ] SHOW COLUMNS FROM `fa_goods` [ RunTime:0.002599s ]
[ sql ] [ SQL ] SELECT `id`,`name`,`sales`,`images`,`price` FROM `fa_goods` ORDER BY `id` DESC LIMIT 10 [ RunTime:0.001534s ]
---------------------------------------------------------------
[ 2019-12-02T17:33:20+08:00 ] 127.0.0.1 POST wps.bobo.com/api/home/getData
[运行时间：0.090372s] [吞吐率：11.07req/s] [内存消耗：3,392.55kb] [文件加载：122]
[ info ] [ BEHAVIOR ] Run Closure @app_init [ RunTime:0.000025s ]
[ info ] [ CACHE ] INIT File
[ info ] [ BEHAVIOR ] Run Closure @app_init [ RunTime:0.002381s ]
[ info ] [ LANG ] D:\phpstudy_pro\WWW\wps.bobo.com\thinkphp\lang\zh-cn.php
[ info ] [ ROUTE ] array (
  'type' => 'module',
  'module' => 
  array (
    0 => 'api',
    1 => 'home',
    2 => 'getData',
  ),
)
[ info ] [ HEADER ] array (
  'accept-language' => 'zh-CN,zh;q=0.9',
  'accept-encoding' => 'gzip, deflate',
  'referer' => 'http://localhost:8080/',
  'accept' => '*/*',
  'content-type' => 'application/json',
  'user-agent' => 'Mozilla/5.0 (iPhone; CPU iPhone OS 11_0 like Mac OS X) AppleWebKit/604.1.38 (KHTML, like Gecko) Version/11.0 Mobile/15A372 Safari/604.1',
  'origin' => 'http://localhost:8080',
  'content-length' => '2',
  'connection' => 'close',
  'host' => 'wps.bobo.com',
)
[ info ] [ PARAM ] array (
)
[ info ] [ LANG ] D:\phpstudy_pro\WWW\wps.bobo.com\public/../application/api\lang\zh-cn.php
[ info ] [ BEHAVIOR ] Run app\common\behavior\Common @module_init [ RunTime:0.002580s ]
[ info ] [ RUN ] app\api\controller\Home->getData[ D:\phpstudy_pro\WWW\wps.bobo.com\application\api\controller\Home.php ]
[ info ] [ DB ] INIT mysql
[ info ] [ LOG ] INIT File
[ sql ] [ DB ] CONNECT:[ UseTime:0.001073s ] mysql:host=127.0.0.1;dbname=wps;charset=utf8
[ sql ] [ SQL ] SHOW COLUMNS FROM `fa_banner` [ RunTime:0.003095s ]
[ sql ] [ SQL ] SELECT `image`,`url` FROM `fa_banner` [ RunTime:0.001231s ]
[ sql ] [ SQL ] SHOW COLUMNS FROM `fa_category` [ RunTime:0.002911s ]
[ sql ] [ SQL ] SELECT `id`,`name`,`image` FROM `fa_category` WHERE  `type` = 'goods'  AND `pid` = 0  AND `flag` = 'index' [ RunTime:0.001135s ]
[ sql ] [ SQL ] SHOW COLUMNS FROM `fa_goods` [ RunTime:0.003040s ]
[ sql ] [ SQL ] SELECT `id`,`name`,`sales`,`images`,`price` FROM `fa_goods` ORDER BY `id` DESC LIMIT 10 [ RunTime:0.001958s ]
---------------------------------------------------------------
[ 2019-12-02T17:33:20+08:00 ] 127.0.0.1 POST wps.bobo.com/api/home/getData
[运行时间：0.095042s] [吞吐率：10.52req/s] [内存消耗：3,392.55kb] [文件加载：122]
[ info ] [ BEHAVIOR ] Run Closure @app_init [ RunTime:0.000244s ]
[ info ] [ CACHE ] INIT File
[ info ] [ BEHAVIOR ] Run Closure @app_init [ RunTime:0.002841s ]
[ info ] [ LANG ] D:\phpstudy_pro\WWW\wps.bobo.com\thinkphp\lang\zh-cn.php
[ info ] [ ROUTE ] array (
  'type' => 'module',
  'module' => 
  array (
    0 => 'api',
    1 => 'home',
    2 => 'getData',
  ),
)
[ info ] [ HEADER ] array (
  'accept-language' => 'zh-CN,zh;q=0.9',
  'accept-encoding' => 'gzip, deflate',
  'referer' => 'http://localhost:8080/',
  'accept' => '*/*',
  'content-type' => 'application/json',
  'user-agent' => 'Mozilla/5.0 (iPhone; CPU iPhone OS 11_0 like Mac OS X) AppleWebKit/604.1.38 (KHTML, like Gecko) Version/11.0 Mobile/15A372 Safari/604.1',
  'origin' => 'http://localhost:8080',
  'content-length' => '2',
  'connection' => 'close',
  'host' => 'wps.bobo.com',
)
[ info ] [ PARAM ] array (
)
[ info ] [ LANG ] D:\phpstudy_pro\WWW\wps.bobo.com\public/../application/api\lang\zh-cn.php
[ info ] [ BEHAVIOR ] Run app\common\behavior\Common @module_init [ RunTime:0.001959s ]
[ info ] [ RUN ] app\api\controller\Home->getData[ D:\phpstudy_pro\WWW\wps.bobo.com\application\api\controller\Home.php ]
[ info ] [ DB ] INIT mysql
[ info ] [ LOG ] INIT File
[ sql ] [ DB ] CONNECT:[ UseTime:0.000869s ] mysql:host=127.0.0.1;dbname=wps;charset=utf8
[ sql ] [ SQL ] SHOW COLUMNS FROM `fa_banner` [ RunTime:0.002393s ]
[ sql ] [ SQL ] SELECT `image`,`url` FROM `fa_banner` [ RunTime:0.000977s ]
[ sql ] [ SQL ] SHOW COLUMNS FROM `fa_category` [ RunTime:0.003043s ]
[ sql ] [ SQL ] SELECT `id`,`name`,`image` FROM `fa_category` WHERE  `type` = 'goods'  AND `pid` = 0  AND `flag` = 'index' [ RunTime:0.000595s ]
[ sql ] [ SQL ] SHOW COLUMNS FROM `fa_goods` [ RunTime:0.001587s ]
[ sql ] [ SQL ] SELECT `id`,`name`,`sales`,`images`,`price` FROM `fa_goods` ORDER BY `id` DESC LIMIT 10 [ RunTime:0.001156s ]
---------------------------------------------------------------
[ 2019-12-02T17:33:23+08:00 ] 127.0.0.1 OPTIONS wps.bobo.com/api/home/goods
[运行时间：0.077978s] [吞吐率：12.82req/s] [内存消耗：2,599.19kb] [文件加载：114]
[ info ] [ BEHAVIOR ] Run Closure @app_init [ RunTime:0.000021s ]
[ info ] [ CACHE ] INIT File
[ info ] [ BEHAVIOR ] Run Closure @app_init [ RunTime:0.001919s ]
[ info ] [ LANG ] D:\phpstudy_pro\WWW\wps.bobo.com\thinkphp\lang\zh-cn.php
[ info ] [ ROUTE ] array (
  'type' => 'module',
  'module' => 
  array (
    0 => 'api',
    1 => 'home',
    2 => 'goods',
  ),
)
[ info ] [ HEADER ] array (
  'accept-language' => 'zh-CN,zh;q=0.9',
  'accept-encoding' => 'gzip, deflate',
  'referer' => 'http://localhost:8080/',
  'accept' => '*/*',
  'access-control-request-headers' => 'content-type',
  'user-agent' => 'Mozilla/5.0 (iPhone; CPU iPhone OS 11_0 like Mac OS X) AppleWebKit/604.1.38 (KHTML, like Gecko) Version/11.0 Mobile/15A372 Safari/604.1',
  'origin' => 'http://localhost:8080',
  'access-control-request-method' => 'POST',
  'connection' => 'close',
  'host' => 'wps.bobo.com',
)
[ info ] [ PARAM ] array (
)
[ info ] [ LANG ] D:\phpstudy_pro\WWW\wps.bobo.com\public/../application/api\lang\zh-cn.php
[ info ] [ BEHAVIOR ] Run app\common\behavior\Common @module_init [ RunTime:0.001855s ]
[ info ] [ RUN ] app\api\controller\Home->goods[ D:\phpstudy_pro\WWW\wps.bobo.com\application\api\controller\Home.php ]
[ info ] [ LOG ] INIT File
---------------------------------------------------------------
[ 2019-12-02T17:33:23+08:00 ] 127.0.0.1 POST wps.bobo.com/api/home/goods
[运行时间：0.064960s] [吞吐率：15.39req/s] [内存消耗：3,383.70kb] [文件加载：122]
[ info ] [ BEHAVIOR ] Run Closure @app_init [ RunTime:0.000023s ]
[ info ] [ CACHE ] INIT File
[ info ] [ BEHAVIOR ] Run Closure @app_init [ RunTime:0.002289s ]
[ info ] [ LANG ] D:\phpstudy_pro\WWW\wps.bobo.com\thinkphp\lang\zh-cn.php
[ info ] [ ROUTE ] array (
  'type' => 'module',
  'module' => 
  array (
    0 => 'api',
    1 => 'home',
    2 => 'goods',
  ),
)
[ info ] [ HEADER ] array (
  'accept-language' => 'zh-CN,zh;q=0.9',
  'accept-encoding' => 'gzip, deflate',
  'referer' => 'http://localhost:8080/',
  'accept' => '*/*',
  'content-type' => 'application/json',
  'user-agent' => 'Mozilla/5.0 (iPhone; CPU iPhone OS 11_0 like Mac OS X) AppleWebKit/604.1.38 (KHTML, like Gecko) Version/11.0 Mobile/15A372 Safari/604.1',
  'origin' => 'http://localhost:8080',
  'content-length' => '10',
  'connection' => 'close',
  'host' => 'wps.bobo.com',
)
[ info ] [ PARAM ] array (
  'page' => 2,
)
[ info ] [ LANG ] D:\phpstudy_pro\WWW\wps.bobo.com\public/../application/api\lang\zh-cn.php
[ info ] [ BEHAVIOR ] Run app\common\behavior\Common @module_init [ RunTime:0.002330s ]
[ info ] [ RUN ] app\api\controller\Home->goods[ D:\phpstudy_pro\WWW\wps.bobo.com\application\api\controller\Home.php ]
[ info ] [ DB ] INIT mysql
[ info ] [ LOG ] INIT File
[ sql ] [ DB ] CONNECT:[ UseTime:0.001037s ] mysql:host=127.0.0.1;dbname=wps;charset=utf8
[ sql ] [ SQL ] SHOW COLUMNS FROM `fa_goods` [ RunTime:0.002618s ]
[ sql ] [ SQL ] SELECT `id`,`name`,`sales`,`images`,`price` FROM `fa_goods` ORDER BY `id` DESC LIMIT 10,10 [ RunTime:0.001152s ]
---------------------------------------------------------------
[ 2019-12-02T17:33:24+08:00 ] 127.0.0.1 POST wps.bobo.com/api/home/goods
[运行时间：0.071906s] [吞吐率：13.91req/s] [内存消耗：3,383.70kb] [文件加载：122]
[ info ] [ BEHAVIOR ] Run Closure @app_init [ RunTime:0.000022s ]
[ info ] [ CACHE ] INIT File
[ info ] [ BEHAVIOR ] Run Closure @app_init [ RunTime:0.002151s ]
[ info ] [ LANG ] D:\phpstudy_pro\WWW\wps.bobo.com\thinkphp\lang\zh-cn.php
[ info ] [ ROUTE ] array (
  'type' => 'module',
  'module' => 
  array (
    0 => 'api',
    1 => 'home',
    2 => 'goods',
  ),
)
[ info ] [ HEADER ] array (
  'accept-language' => 'zh-CN,zh;q=0.9',
  'accept-encoding' => 'gzip, deflate',
  'referer' => 'http://localhost:8080/',
  'accept' => '*/*',
  'content-type' => 'application/json',
  'user-agent' => 'Mozilla/5.0 (iPhone; CPU iPhone OS 11_0 like Mac OS X) AppleWebKit/604.1.38 (KHTML, like Gecko) Version/11.0 Mobile/15A372 Safari/604.1',
  'origin' => 'http://localhost:8080',
  'content-length' => '10',
  'connection' => 'close',
  'host' => 'wps.bobo.com',
)
[ info ] [ PARAM ] array (
  'page' => 3,
)
[ info ] [ LANG ] D:\phpstudy_pro\WWW\wps.bobo.com\public/../application/api\lang\zh-cn.php
[ info ] [ BEHAVIOR ] Run app\common\behavior\Common @module_init [ RunTime:0.003212s ]
[ info ] [ RUN ] app\api\controller\Home->goods[ D:\phpstudy_pro\WWW\wps.bobo.com\application\api\controller\Home.php ]
[ info ] [ DB ] INIT mysql
[ info ] [ LOG ] INIT File
[ sql ] [ DB ] CONNECT:[ UseTime:0.000972s ] mysql:host=127.0.0.1;dbname=wps;charset=utf8
[ sql ] [ SQL ] SHOW COLUMNS FROM `fa_goods` [ RunTime:0.002298s ]
[ sql ] [ SQL ] SELECT `id`,`name`,`sales`,`images`,`price` FROM `fa_goods` ORDER BY `id` DESC LIMIT 20,10 [ RunTime:0.001183s ]
---------------------------------------------------------------
[ 2019-12-02T17:33:25+08:00 ] 127.0.0.1 POST wps.bobo.com/api/home/goods
[运行时间：0.085099s] [吞吐率：11.75req/s] [内存消耗：3,383.70kb] [文件加载：122]
[ info ] [ BEHAVIOR ] Run Closure @app_init [ RunTime:0.000022s ]
[ info ] [ CACHE ] INIT File
[ info ] [ BEHAVIOR ] Run Closure @app_init [ RunTime:0.001958s ]
[ info ] [ LANG ] D:\phpstudy_pro\WWW\wps.bobo.com\thinkphp\lang\zh-cn.php
[ info ] [ ROUTE ] array (
  'type' => 'module',
  'module' => 
  array (
    0 => 'api',
    1 => 'home',
    2 => 'goods',
  ),
)
[ info ] [ HEADER ] array (
  'accept-language' => 'zh-CN,zh;q=0.9',
  'accept-encoding' => 'gzip, deflate',
  'referer' => 'http://localhost:8080/',
  'accept' => '*/*',
  'content-type' => 'application/json',
  'user-agent' => 'Mozilla/5.0 (iPhone; CPU iPhone OS 11_0 like Mac OS X) AppleWebKit/604.1.38 (KHTML, like Gecko) Version/11.0 Mobile/15A372 Safari/604.1',
  'origin' => 'http://localhost:8080',
  'content-length' => '10',
  'connection' => 'close',
  'host' => 'wps.bobo.com',
)
[ info ] [ PARAM ] array (
  'page' => 4,
)
[ info ] [ LANG ] D:\phpstudy_pro\WWW\wps.bobo.com\public/../application/api\lang\zh-cn.php
[ info ] [ BEHAVIOR ] Run app\common\behavior\Common @module_init [ RunTime:0.002329s ]
[ info ] [ RUN ] app\api\controller\Home->goods[ D:\phpstudy_pro\WWW\wps.bobo.com\application\api\controller\Home.php ]
[ info ] [ DB ] INIT mysql
[ info ] [ LOG ] INIT File
[ sql ] [ DB ] CONNECT:[ UseTime:0.001017s ] mysql:host=127.0.0.1;dbname=wps;charset=utf8
[ sql ] [ SQL ] SHOW COLUMNS FROM `fa_goods` [ RunTime:0.001802s ]
[ sql ] [ SQL ] SELECT `id`,`name`,`sales`,`images`,`price` FROM `fa_goods` ORDER BY `id` DESC LIMIT 30,10 [ RunTime:0.001147s ]
---------------------------------------------------------------
[ 2019-12-02T17:33:26+08:00 ] 127.0.0.1 POST wps.bobo.com/api/home/goods
[运行时间：0.072829s] [吞吐率：13.73req/s] [内存消耗：3,379.36kb] [文件加载：122]
[ info ] [ BEHAVIOR ] Run Closure @app_init [ RunTime:0.000022s ]
[ info ] [ CACHE ] INIT File
[ info ] [ BEHAVIOR ] Run Closure @app_init [ RunTime:0.001890s ]
[ info ] [ LANG ] D:\phpstudy_pro\WWW\wps.bobo.com\thinkphp\lang\zh-cn.php
[ info ] [ ROUTE ] array (
  'type' => 'module',
  'module' => 
  array (
    0 => 'api',
    1 => 'home',
    2 => 'goods',
  ),
)
[ info ] [ HEADER ] array (
  'accept-language' => 'zh-CN,zh;q=0.9',
  'accept-encoding' => 'gzip, deflate',
  'referer' => 'http://localhost:8080/',
  'accept' => '*/*',
  'content-type' => 'application/json',
  'user-agent' => 'Mozilla/5.0 (iPhone; CPU iPhone OS 11_0 like Mac OS X) AppleWebKit/604.1.38 (KHTML, like Gecko) Version/11.0 Mobile/15A372 Safari/604.1',
  'origin' => 'http://localhost:8080',
  'content-length' => '10',
  'connection' => 'close',
  'host' => 'wps.bobo.com',
)
[ info ] [ PARAM ] array (
  'page' => 5,
)
[ info ] [ LANG ] D:\phpstudy_pro\WWW\wps.bobo.com\public/../application/api\lang\zh-cn.php
[ info ] [ BEHAVIOR ] Run app\common\behavior\Common @module_init [ RunTime:0.003162s ]
[ info ] [ RUN ] app\api\controller\Home->goods[ D:\phpstudy_pro\WWW\wps.bobo.com\application\api\controller\Home.php ]
[ info ] [ DB ] INIT mysql
[ info ] [ LOG ] INIT File
[ sql ] [ DB ] CONNECT:[ UseTime:0.001240s ] mysql:host=127.0.0.1;dbname=wps;charset=utf8
[ sql ] [ SQL ] SHOW COLUMNS FROM `fa_goods` [ RunTime:0.003077s ]
[ sql ] [ SQL ] SELECT `id`,`name`,`sales`,`images`,`price` FROM `fa_goods` ORDER BY `id` DESC LIMIT 40,10 [ RunTime:0.001286s ]
---------------------------------------------------------------
[ 2019-12-02T17:35:25+08:00 ] 127.0.0.1 OPTIONS wps.bobo.com/api/category/getList
[运行时间：0.093375s] [吞吐率：10.71req/s] [内存消耗：2,596.03kb] [文件加载：114]
[ info ] [ BEHAVIOR ] Run Closure @app_init [ RunTime:0.000046s ]
[ info ] [ CACHE ] INIT File
[ info ] [ BEHAVIOR ] Run Closure @app_init [ RunTime:0.004364s ]
[ info ] [ LANG ] D:\phpstudy_pro\WWW\wps.bobo.com\thinkphp\lang\zh-cn.php
[ info ] [ ROUTE ] array (
  'type' => 'module',
  'module' => 
  array (
    0 => 'api',
    1 => 'category',
    2 => 'getList',
  ),
)
[ info ] [ HEADER ] array (
  'accept-language' => 'zh-CN,zh;q=0.9',
  'accept-encoding' => 'gzip, deflate',
  'referer' => 'http://localhost:8080/',
  'accept' => '*/*',
  'access-control-request-headers' => 'content-type',
  'user-agent' => 'Mozilla/5.0 (iPhone; CPU iPhone OS 11_0 like Mac OS X) AppleWebKit/604.1.38 (KHTML, like Gecko) Version/11.0 Mobile/15A372 Safari/604.1',
  'origin' => 'http://localhost:8080',
  'access-control-request-method' => 'POST',
  'connection' => 'close',
  'host' => 'wps.bobo.com',
)
[ info ] [ PARAM ] array (
)
[ info ] [ LANG ] D:\phpstudy_pro\WWW\wps.bobo.com\public/../application/api\lang\zh-cn.php
[ info ] [ BEHAVIOR ] Run app\common\behavior\Common @module_init [ RunTime:0.003988s ]
[ info ] [ RUN ] app\api\controller\Category->getList[ D:\phpstudy_pro\WWW\wps.bobo.com\application\api\controller\Category.php ]
[ info ] [ LOG ] INIT File
---------------------------------------------------------------
[ 2019-12-02T17:35:25+08:00 ] 127.0.0.1 POST wps.bobo.com/api/category/getList
[运行时间：0.078298s] [吞吐率：12.77req/s] [内存消耗：3,415.33kb] [文件加载：122]
[ info ] [ BEHAVIOR ] Run Closure @app_init [ RunTime:0.000024s ]
[ info ] [ CACHE ] INIT File
[ info ] [ BEHAVIOR ] Run Closure @app_init [ RunTime:0.002165s ]
[ info ] [ LANG ] D:\phpstudy_pro\WWW\wps.bobo.com\thinkphp\lang\zh-cn.php
[ info ] [ ROUTE ] array (
  'type' => 'module',
  'module' => 
  array (
    0 => 'api',
    1 => 'category',
    2 => 'getList',
  ),
)
[ info ] [ HEADER ] array (
  'accept-language' => 'zh-CN,zh;q=0.9',
  'accept-encoding' => 'gzip, deflate',
  'referer' => 'http://localhost:8080/',
  'accept' => '*/*',
  'content-type' => 'application/json',
  'user-agent' => 'Mozilla/5.0 (iPhone; CPU iPhone OS 11_0 like Mac OS X) AppleWebKit/604.1.38 (KHTML, like Gecko) Version/11.0 Mobile/15A372 Safari/604.1',
  'origin' => 'http://localhost:8080',
  'content-length' => '2',
  'connection' => 'close',
  'host' => 'wps.bobo.com',
)
[ info ] [ PARAM ] array (
)
[ info ] [ LANG ] D:\phpstudy_pro\WWW\wps.bobo.com\public/../application/api\lang\zh-cn.php
[ info ] [ BEHAVIOR ] Run app\common\behavior\Common @module_init [ RunTime:0.002191s ]
[ info ] [ RUN ] app\api\controller\Category->getList[ D:\phpstudy_pro\WWW\wps.bobo.com\application\api\controller\Category.php ]
[ info ] [ DB ] INIT mysql
[ info ] [ LOG ] INIT File
[ sql ] [ DB ] CONNECT:[ UseTime:0.000934s ] mysql:host=127.0.0.1;dbname=wps;charset=utf8
[ sql ] [ SQL ] SHOW COLUMNS FROM `fa_category` [ RunTime:0.002646s ]
[ sql ] [ SQL ] SELECT `id`,`name`,`banner` FROM `fa_category` WHERE  `type` = 'goods' ORDER BY `id` DESC [ RunTime:0.000646s ]
[ sql ] [ SQL ] SHOW COLUMNS FROM `fa_goods` [ RunTime:0.001877s ]
[ sql ] [ SQL ] SELECT `id`,`name`,`sales`,`images`,`price`,`category_id` FROM `fa_goods` ORDER BY `id` DESC [ RunTime:0.001298s ]
---------------------------------------------------------------
[ 2019-12-02T17:35:28+08:00 ] 127.0.0.1 OPTIONS wps.bobo.com/api/cart/getList
[运行时间：0.076722s] [吞吐率：13.03req/s] [内存消耗：2,597.60kb] [文件加载：114]
[ info ] [ BEHAVIOR ] Run Closure @app_init [ RunTime:0.000044s ]
[ info ] [ CACHE ] INIT File
[ info ] [ BEHAVIOR ] Run Closure @app_init [ RunTime:0.006412s ]
[ info ] [ LANG ] D:\phpstudy_pro\WWW\wps.bobo.com\thinkphp\lang\zh-cn.php
[ info ] [ ROUTE ] array (
  'type' => 'module',
  'module' => 
  array (
    0 => 'api',
    1 => 'cart',
    2 => 'getList',
  ),
)
[ info ] [ HEADER ] array (
  'accept-language' => 'zh-CN,zh;q=0.9',
  'accept-encoding' => 'gzip, deflate',
  'referer' => 'http://localhost:8080/',
  'accept' => '*/*',
  'access-control-request-headers' => 'content-type',
  'user-agent' => 'Mozilla/5.0 (iPhone; CPU iPhone OS 11_0 like Mac OS X) AppleWebKit/604.1.38 (KHTML, like Gecko) Version/11.0 Mobile/15A372 Safari/604.1',
  'origin' => 'http://localhost:8080',
  'access-control-request-method' => 'POST',
  'connection' => 'close',
  'host' => 'wps.bobo.com',
)
[ info ] [ PARAM ] array (
)
[ info ] [ LANG ] D:\phpstudy_pro\WWW\wps.bobo.com\public/../application/api\lang\zh-cn.php
[ info ] [ BEHAVIOR ] Run app\common\behavior\Common @module_init [ RunTime:0.001983s ]
[ info ] [ RUN ] app\api\controller\Cart->getList[ D:\phpstudy_pro\WWW\wps.bobo.com\application\api\controller\Cart.php ]
[ info ] [ LOG ] INIT File
---------------------------------------------------------------
[ 2019-12-02T17:35:28+08:00 ] 127.0.0.1 POST wps.bobo.com/api/cart/getList
[运行时间：0.070637s] [吞吐率：14.16req/s] [内存消耗：3,378.40kb] [文件加载：122]
[ info ] [ BEHAVIOR ] Run Closure @app_init [ RunTime:0.000026s ]
[ info ] [ CACHE ] INIT File
[ info ] [ BEHAVIOR ] Run Closure @app_init [ RunTime:0.001875s ]
[ info ] [ LANG ] D:\phpstudy_pro\WWW\wps.bobo.com\thinkphp\lang\zh-cn.php
[ info ] [ ROUTE ] array (
  'type' => 'module',
  'module' => 
  array (
    0 => 'api',
    1 => 'cart',
    2 => 'getList',
  ),
)
[ info ] [ HEADER ] array (
  'accept-language' => 'zh-CN,zh;q=0.9',
  'accept-encoding' => 'gzip, deflate',
  'referer' => 'http://localhost:8080/',
  'accept' => '*/*',
  'content-type' => 'application/json',
  'user-agent' => 'Mozilla/5.0 (iPhone; CPU iPhone OS 11_0 like Mac OS X) AppleWebKit/604.1.38 (KHTML, like Gecko) Version/11.0 Mobile/15A372 Safari/604.1',
  'origin' => 'http://localhost:8080',
  'content-length' => '9',
  'connection' => 'close',
  'host' => 'wps.bobo.com',
)
[ info ] [ PARAM ] array (
  'uid' => 1,
)
[ info ] [ LANG ] D:\phpstudy_pro\WWW\wps.bobo.com\public/../application/api\lang\zh-cn.php
[ info ] [ BEHAVIOR ] Run app\common\behavior\Common @module_init [ RunTime:0.001797s ]
[ info ] [ RUN ] app\api\controller\Cart->getList[ D:\phpstudy_pro\WWW\wps.bobo.com\application\api\controller\Cart.php ]
[ info ] [ DB ] INIT mysql
[ info ] [ LOG ] INIT File
[ sql ] [ DB ] CONNECT:[ UseTime:0.000869s ] mysql:host=127.0.0.1;dbname=wps;charset=utf8
[ sql ] [ SQL ] SHOW COLUMNS FROM `fa_cart` [ RunTime:0.003777s ]
[ sql ] [ SQL ] SELECT `c`.`id`,`c`.`goods_id`,`g`.`name`,`g`.`price`,`g`.`images` FROM `fa_cart` `c` INNER JOIN `fa_goods` `g` ON `g`.`id`=`c`.`goods_id` WHERE  `c`.`uid` = '1' [ RunTime:0.006022s ]
---------------------------------------------------------------
[ 2019-12-02T17:35:35+08:00 ] 127.0.0.1 OPTIONS wps.bobo.com/api/cart/del
[运行时间：0.069348s] [吞吐率：14.42req/s] [内存消耗：2,597.55kb] [文件加载：114]
[ info ] [ BEHAVIOR ] Run Closure @app_init [ RunTime:0.000026s ]
[ info ] [ CACHE ] INIT File
[ info ] [ BEHAVIOR ] Run Closure @app_init [ RunTime:0.002490s ]
[ info ] [ LANG ] D:\phpstudy_pro\WWW\wps.bobo.com\thinkphp\lang\zh-cn.php
[ info ] [ ROUTE ] array (
  'type' => 'module',
  'module' => 
  array (
    0 => 'api',
    1 => 'cart',
    2 => 'del',
  ),
)
[ info ] [ HEADER ] array (
  'accept-language' => 'zh-CN,zh;q=0.9',
  'accept-encoding' => 'gzip, deflate',
  'referer' => 'http://localhost:8080/',
  'accept' => '*/*',
  'access-control-request-headers' => 'content-type',
  'user-agent' => 'Mozilla/5.0 (iPhone; CPU iPhone OS 11_0 like Mac OS X) AppleWebKit/604.1.38 (KHTML, like Gecko) Version/11.0 Mobile/15A372 Safari/604.1',
  'origin' => 'http://localhost:8080',
  'access-control-request-method' => 'POST',
  'connection' => 'close',
  'host' => 'wps.bobo.com',
)
[ info ] [ PARAM ] array (
)
[ info ] [ LANG ] D:\phpstudy_pro\WWW\wps.bobo.com\public/../application/api\lang\zh-cn.php
[ info ] [ BEHAVIOR ] Run app\common\behavior\Common @module_init [ RunTime:0.003640s ]
[ info ] [ RUN ] app\api\controller\Cart->del[ D:\phpstudy_pro\WWW\wps.bobo.com\application\api\controller\Cart.php ]
[ info ] [ LOG ] INIT File
---------------------------------------------------------------
[ 2019-12-02T17:35:35+08:00 ] 127.0.0.1 POST wps.bobo.com/api/cart/del
[运行时间：0.073339s] [吞吐率：13.64req/s] [内存消耗：3,346.27kb] [文件加载：122]
[ info ] [ BEHAVIOR ] Run Closure @app_init [ RunTime:0.000109s ]
[ info ] [ CACHE ] INIT File
[ info ] [ BEHAVIOR ] Run Closure @app_init [ RunTime:0.002657s ]
[ info ] [ LANG ] D:\phpstudy_pro\WWW\wps.bobo.com\thinkphp\lang\zh-cn.php
[ info ] [ ROUTE ] array (
  'type' => 'module',
  'module' => 
  array (
    0 => 'api',
    1 => 'cart',
    2 => 'del',
  ),
)
[ info ] [ HEADER ] array (
  'accept-language' => 'zh-CN,zh;q=0.9',
  'accept-encoding' => 'gzip, deflate',
  'referer' => 'http://localhost:8080/',
  'accept' => '*/*',
  'content-type' => 'application/json',
  'user-agent' => 'Mozilla/5.0 (iPhone; CPU iPhone OS 11_0 like Mac OS X) AppleWebKit/604.1.38 (KHTML, like Gecko) Version/11.0 Mobile/15A372 Safari/604.1',
  'origin' => 'http://localhost:8080',
  'content-length' => '8',
  'connection' => 'close',
  'host' => 'wps.bobo.com',
)
[ info ] [ PARAM ] array (
  'id' => 3,
)
[ info ] [ LANG ] D:\phpstudy_pro\WWW\wps.bobo.com\public/../application/api\lang\zh-cn.php
[ info ] [ BEHAVIOR ] Run app\common\behavior\Common @module_init [ RunTime:0.001805s ]
[ info ] [ RUN ] app\api\controller\Cart->del[ D:\phpstudy_pro\WWW\wps.bobo.com\application\api\controller\Cart.php ]
[ info ] [ DB ] INIT mysql
[ info ] [ LOG ] INIT File
[ sql ] [ DB ] CONNECT:[ UseTime:0.000864s ] mysql:host=127.0.0.1;dbname=wps;charset=utf8
[ sql ] [ SQL ] SHOW COLUMNS FROM `fa_cart` [ RunTime:0.002376s ]
[ sql ] [ SQL ] DELETE FROM `fa_cart`    WHERE  `id` = 3 [ RunTime:0.002837s ]
---------------------------------------------------------------
[ 2019-12-02T17:35:38+08:00 ] 127.0.0.1 OPTIONS wps.bobo.com/api/cart/getList
[运行时间：0.069181s] [吞吐率：14.45req/s] [内存消耗：2,597.60kb] [文件加载：114]
[ info ] [ BEHAVIOR ] Run Closure @app_init [ RunTime:0.000024s ]
[ info ] [ CACHE ] INIT File
[ info ] [ BEHAVIOR ] Run Closure @app_init [ RunTime:0.001892s ]
[ info ] [ LANG ] D:\phpstudy_pro\WWW\wps.bobo.com\thinkphp\lang\zh-cn.php
[ info ] [ ROUTE ] array (
  'type' => 'module',
  'module' => 
  array (
    0 => 'api',
    1 => 'cart',
    2 => 'getList',
  ),
)
[ info ] [ HEADER ] array (
  'accept-language' => 'zh-CN,zh;q=0.9',
  'accept-encoding' => 'gzip, deflate',
  'referer' => 'http://localhost:8080/',
  'accept' => '*/*',
  'access-control-request-headers' => 'content-type',
  'user-agent' => 'Mozilla/5.0 (iPhone; CPU iPhone OS 11_0 like Mac OS X) AppleWebKit/604.1.38 (KHTML, like Gecko) Version/11.0 Mobile/15A372 Safari/604.1',
  'origin' => 'http://localhost:8080',
  'access-control-request-method' => 'POST',
  'connection' => 'close',
  'host' => 'wps.bobo.com',
)
[ info ] [ PARAM ] array (
)
[ info ] [ LANG ] D:\phpstudy_pro\WWW\wps.bobo.com\public/../application/api\lang\zh-cn.php
[ info ] [ BEHAVIOR ] Run app\common\behavior\Common @module_init [ RunTime:0.001882s ]
[ info ] [ RUN ] app\api\controller\Cart->getList[ D:\phpstudy_pro\WWW\wps.bobo.com\application\api\controller\Cart.php ]
[ info ] [ LOG ] INIT File
---------------------------------------------------------------
[ 2019-12-02T17:35:38+08:00 ] 127.0.0.1 POST wps.bobo.com/api/cart/getList
[运行时间：0.064925s] [吞吐率：15.40req/s] [内存消耗：3,377.99kb] [文件加载：122]
[ info ] [ BEHAVIOR ] Run Closure @app_init [ RunTime:0.000021s ]
[ info ] [ CACHE ] INIT File
[ info ] [ BEHAVIOR ] Run Closure @app_init [ RunTime:0.001792s ]
[ info ] [ LANG ] D:\phpstudy_pro\WWW\wps.bobo.com\thinkphp\lang\zh-cn.php
[ info ] [ ROUTE ] array (
  'type' => 'module',
  'module' => 
  array (
    0 => 'api',
    1 => 'cart',
    2 => 'getList',
  ),
)
[ info ] [ HEADER ] array (
  'accept-language' => 'zh-CN,zh;q=0.9',
  'accept-encoding' => 'gzip, deflate',
  'referer' => 'http://localhost:8080/',
  'accept' => '*/*',
  'content-type' => 'application/json',
  'user-agent' => 'Mozilla/5.0 (iPhone; CPU iPhone OS 11_0 like Mac OS X) AppleWebKit/604.1.38 (KHTML, like Gecko) Version/11.0 Mobile/15A372 Safari/604.1',
  'origin' => 'http://localhost:8080',
  'content-length' => '9',
  'connection' => 'close',
  'host' => 'wps.bobo.com',
)
[ info ] [ PARAM ] array (
  'uid' => 1,
)
[ info ] [ LANG ] D:\phpstudy_pro\WWW\wps.bobo.com\public/../application/api\lang\zh-cn.php
[ info ] [ BEHAVIOR ] Run app\common\behavior\Common @module_init [ RunTime:0.001837s ]
[ info ] [ RUN ] app\api\controller\Cart->getList[ D:\phpstudy_pro\WWW\wps.bobo.com\application\api\controller\Cart.php ]
[ info ] [ DB ] INIT mysql
[ info ] [ LOG ] INIT File
[ sql ] [ DB ] CONNECT:[ UseTime:0.000878s ] mysql:host=127.0.0.1;dbname=wps;charset=utf8
[ sql ] [ SQL ] SHOW COLUMNS FROM `fa_cart` [ RunTime:0.002214s ]
[ sql ] [ SQL ] SELECT `c`.`id`,`c`.`goods_id`,`g`.`name`,`g`.`price`,`g`.`images` FROM `fa_cart` `c` INNER JOIN `fa_goods` `g` ON `g`.`id`=`c`.`goods_id` WHERE  `c`.`uid` = '1' [ RunTime:0.001278s ]
---------------------------------------------------------------
[ 2019-12-02T17:35:46+08:00 ] 127.0.0.1 OPTIONS wps.bobo.com/api/home/getData
[运行时间：0.051979s] [吞吐率：19.24req/s] [内存消耗：2,599.23kb] [文件加载：114]
[ info ] [ BEHAVIOR ] Run Closure @app_init [ RunTime:0.000023s ]
[ info ] [ CACHE ] INIT File
[ info ] [ BEHAVIOR ] Run Closure @app_init [ RunTime:0.002235s ]
[ info ] [ LANG ] D:\phpstudy_pro\WWW\wps.bobo.com\thinkphp\lang\zh-cn.php
[ info ] [ ROUTE ] array (
  'type' => 'module',
  'module' => 
  array (
    0 => 'api',
    1 => 'home',
    2 => 'getData',
  ),
)
[ info ] [ HEADER ] array (
  'accept-language' => 'zh-CN,zh;q=0.9',
  'accept-encoding' => 'gzip, deflate',
  'referer' => 'http://localhost:8080/',
  'accept' => '*/*',
  'access-control-request-headers' => 'content-type',
  'user-agent' => 'Mozilla/5.0 (iPhone; CPU iPhone OS 11_0 like Mac OS X) AppleWebKit/604.1.38 (KHTML, like Gecko) Version/11.0 Mobile/15A372 Safari/604.1',
  'origin' => 'http://localhost:8080',
  'access-control-request-method' => 'POST',
  'connection' => 'close',
  'host' => 'wps.bobo.com',
)
[ info ] [ PARAM ] array (
)
[ info ] [ LANG ] D:\phpstudy_pro\WWW\wps.bobo.com\public/../application/api\lang\zh-cn.php
[ info ] [ BEHAVIOR ] Run app\common\behavior\Common @module_init [ RunTime:0.001853s ]
[ info ] [ RUN ] app\api\controller\Home->getData[ D:\phpstudy_pro\WWW\wps.bobo.com\application\api\controller\Home.php ]
[ info ] [ LOG ] INIT File
---------------------------------------------------------------
[ 2019-12-02T17:35:46+08:00 ] 127.0.0.1 POST wps.bobo.com/api/home/getData
[运行时间：0.078576s] [吞吐率：12.73req/s] [内存消耗：3,392.55kb] [文件加载：122]
[ info ] [ BEHAVIOR ] Run Closure @app_init [ RunTime:0.000025s ]
[ info ] [ CACHE ] INIT File
[ info ] [ BEHAVIOR ] Run Closure @app_init [ RunTime:0.002009s ]
[ info ] [ LANG ] D:\phpstudy_pro\WWW\wps.bobo.com\thinkphp\lang\zh-cn.php
[ info ] [ ROUTE ] array (
  'type' => 'module',
  'module' => 
  array (
    0 => 'api',
    1 => 'home',
    2 => 'getData',
  ),
)
[ info ] [ HEADER ] array (
  'accept-language' => 'zh-CN,zh;q=0.9',
  'accept-encoding' => 'gzip, deflate',
  'referer' => 'http://localhost:8080/',
  'accept' => '*/*',
  'content-type' => 'application/json',
  'user-agent' => 'Mozilla/5.0 (iPhone; CPU iPhone OS 11_0 like Mac OS X) AppleWebKit/604.1.38 (KHTML, like Gecko) Version/11.0 Mobile/15A372 Safari/604.1',
  'origin' => 'http://localhost:8080',
  'content-length' => '2',
  'connection' => 'close',
  'host' => 'wps.bobo.com',
)
[ info ] [ PARAM ] array (
)
[ info ] [ LANG ] D:\phpstudy_pro\WWW\wps.bobo.com\public/../application/api\lang\zh-cn.php
[ info ] [ BEHAVIOR ] Run app\common\behavior\Common @module_init [ RunTime:0.003685s ]
[ info ] [ RUN ] app\api\controller\Home->getData[ D:\phpstudy_pro\WWW\wps.bobo.com\application\api\controller\Home.php ]
[ info ] [ DB ] INIT mysql
[ info ] [ LOG ] INIT File
[ sql ] [ DB ] CONNECT:[ UseTime:0.000951s ] mysql:host=127.0.0.1;dbname=wps;charset=utf8
[ sql ] [ SQL ] SHOW COLUMNS FROM `fa_banner` [ RunTime:0.002556s ]
[ sql ] [ SQL ] SELECT `image`,`url` FROM `fa_banner` [ RunTime:0.000939s ]
[ sql ] [ SQL ] SHOW COLUMNS FROM `fa_category` [ RunTime:0.001761s ]
[ sql ] [ SQL ] SELECT `id`,`name`,`image` FROM `fa_category` WHERE  `type` = 'goods'  AND `pid` = 0  AND `flag` = 'index' [ RunTime:0.000641s ]
[ sql ] [ SQL ] SHOW COLUMNS FROM `fa_goods` [ RunTime:0.002001s ]
[ sql ] [ SQL ] SELECT `id`,`name`,`sales`,`images`,`price` FROM `fa_goods` ORDER BY `id` DESC LIMIT 10 [ RunTime:0.001226s ]
---------------------------------------------------------------
[ 2019-12-02T17:55:49+08:00 ] 127.0.0.1 GET wps.bobo.com/
[运行时间：0.142722s] [吞吐率：7.01req/s] [内存消耗：2,965.03kb] [文件加载：121]
[ info ] [ BEHAVIOR ] Run Closure @app_init [ RunTime:0.000044s ]
[ info ] [ CACHE ] INIT File
[ info ] [ BEHAVIOR ] Run Closure @app_init [ RunTime:0.004851s ]
[ info ] [ LANG ] D:\phpstudy_pro\WWW\wps.bobo.com\thinkphp\lang\zh-cn.php
[ info ] [ ROUTE ] array (
  'type' => 'module',
  'module' => 
  array (
    0 => '',
    1 => NULL,
    2 => NULL,
  ),
)
[ info ] [ HEADER ] array (
  'cookie' => 'Hm_lvt_f8d0a8c400404989e195270b0bbf060a=1574524324,1575017168,1575278976; Hm_lpvt_f8d0a8c400404989e195270b0bbf060a=1575278976; PHPSESSID=748dnalmoaegnaj115vcssa7id; keeplogin=1%7C86400%7C1575365422%7Cec4d7032f59080db96e6d89ecc194982',
  'accept-language' => 'zh-CN,zh;q=0.9',
  'accept-encoding' => 'gzip, deflate',
  'accept' => 'text/html,application/xhtml+xml,application/xml;q=0.9,image/webp,image/apng,*/*;q=0.8,application/signed-exchange;v=b3',
  'user-agent' => 'Mozilla/5.0 (Windows NT 10.0; Win64; x64) AppleWebKit/537.36 (KHTML, like Gecko) Chrome/75.0.3770.142 Safari/537.36',
  'upgrade-insecure-requests' => '1',
  'connection' => 'close',
  'host' => 'wps.bobo.com',
)
[ info ] [ PARAM ] array (
)
[ info ] [ LANG ] D:\phpstudy_pro\WWW\wps.bobo.com\public/../application/index\lang\zh-cn.php
[ info ] [ BEHAVIOR ] Run app\common\behavior\Common @module_init [ RunTime:0.004122s ]
[ info ] [ LANG ] D:\phpstudy_pro\WWW\wps.bobo.com\public/../application/index/lang/zh-cn/index.php
[ info ] [ RUN ] app\index\controller\Index->index[ D:\phpstudy_pro\WWW\wps.bobo.com\application\index\controller\Index.php ]
[ info ] [ VIEW ] D:\phpstudy_pro\WWW\wps.bobo.com\public/../application/index\view\index\index.html [ array (
  0 => 'user',
  1 => 'site',
  2 => 'config',
) ]
[ info ] [ LOG ] INIT File
